<?xml version="1.0" encoding="UTF-8"?>
<coverage generated="1757279882083" clover="3.2.0">
  <project timestamp="1757279882083" name="All files">
    <metrics statements="621" coveredstatements="116" conditionals="275" coveredconditionals="40" methods="166" coveredmethods="31" elements="1062" coveredelements="187" complexity="0" loc="621" ncloc="621" packages="3" files="7" classes="7"/>
    <package name="src">
      <metrics statements="158" coveredstatements="71" conditionals="49" coveredconditionals="26" methods="54" coveredmethods="18"/>
      <file name="api-definitions.ts" path="/Users/luborfedak/Documents/Github/hollywood/packages/logic/src/api-definitions.ts">
        <metrics statements="158" coveredstatements="71" conditionals="49" coveredconditionals="26" methods="54" coveredmethods="18"/>
        <line num="10" count="1" type="stmt"/>
        <line num="39" count="1" type="stmt"/>
        <line num="40" count="31" type="stmt"/>
        <line num="46" count="6" type="stmt"/>
        <line num="48" count="6" type="cond" truecount="1" falsecount="0"/>
        <line num="49" count="1" type="stmt"/>
        <line num="52" count="5" type="stmt"/>
        <line num="53" count="5" type="stmt"/>
        <line num="56" count="4" type="stmt"/>
        <line num="63" count="4" type="cond" truecount="1" falsecount="0"/>
        <line num="64" count="1" type="stmt"/>
        <line num="70" count="3" type="stmt"/>
        <line num="71" count="5" type="stmt"/>
        <line num="77" count="3" type="stmt"/>
        <line num="78" count="3" type="cond" truecount="1" falsecount="0"/>
        <line num="79" count="1" type="stmt"/>
        <line num="85" count="2" type="stmt"/>
        <line num="93" count="9" type="stmt"/>
        <line num="95" count="9" type="cond" truecount="1" falsecount="0"/>
        <line num="99" count="1" type="stmt"/>
        <line num="101" count="8" type="cond" truecount="1" falsecount="0"/>
        <line num="105" count="1" type="stmt"/>
        <line num="111" count="7" type="stmt"/>
        <line num="112" count="7" type="cond" truecount="1" falsecount="0"/>
        <line num="113" count="7" type="cond" truecount="0" falsecount="1"/>
        <line num="114" count="7" type="cond" truecount="1" falsecount="0"/>
        <line num="115" count="2" type="stmt"/>
        <line num="116" count="7" type="cond" truecount="1" falsecount="0"/>
        <line num="118" count="7" type="cond" truecount="2" falsecount="0"/>
        <line num="119" count="7" type="stmt"/>
        <line num="123" count="7" type="cond" truecount="3" falsecount="0"/>
        <line num="124" count="1" type="stmt"/>
        <line num="130" count="6" type="stmt"/>
        <line num="138" count="4" type="stmt"/>
        <line num="139" count="4" type="stmt"/>
        <line num="140" count="3" type="stmt"/>
        <line num="142" count="3" type="cond" truecount="1" falsecount="0"/>
        <line num="143" count="3" type="stmt"/>
        <line num="146" count="0" type="stmt"/>
        <line num="150" count="0" type="cond" truecount="0" falsecount="1"/>
        <line num="151" count="0" type="stmt"/>
        <line num="154" count="0" type="stmt"/>
        <line num="162" count="4" type="stmt"/>
        <line num="163" count="4" type="stmt"/>
        <line num="164" count="4" type="stmt"/>
        <line num="166" count="4" type="cond" truecount="1" falsecount="0"/>
        <line num="167" count="4" type="stmt"/>
        <line num="170" count="0" type="cond" truecount="0" falsecount="3"/>
        <line num="171" count="0" type="stmt"/>
        <line num="175" count="0" type="cond" truecount="0" falsecount="1"/>
        <line num="179" count="0" type="stmt"/>
        <line num="181" count="0" type="cond" truecount="0" falsecount="1"/>
        <line num="185" count="0" type="stmt"/>
        <line num="188" count="0" type="stmt"/>
        <line num="193" count="0" type="cond" truecount="0" falsecount="1"/>
        <line num="194" count="0" type="stmt"/>
        <line num="200" count="0" type="stmt"/>
        <line num="208" count="3" type="stmt"/>
        <line num="209" count="3" type="stmt"/>
        <line num="210" count="3" type="stmt"/>
        <line num="212" count="3" type="cond" truecount="1" falsecount="0"/>
        <line num="213" count="3" type="stmt"/>
        <line num="216" count="0" type="stmt"/>
        <line num="224" count="2" type="stmt"/>
        <line num="225" count="2" type="stmt"/>
        <line num="226" count="1" type="stmt"/>
        <line num="228" count="1" type="stmt"/>
        <line num="236" count="2" type="stmt"/>
        <line num="237" count="2" type="stmt"/>
        <line num="238" count="1" type="stmt"/>
        <line num="240" count="1" type="stmt"/>
        <line num="248" count="3" type="stmt"/>
        <line num="249" count="3" type="stmt"/>
        <line num="250" count="3" type="stmt"/>
        <line num="252" count="3" type="cond" truecount="1" falsecount="0"/>
        <line num="253" count="1" type="stmt"/>
        <line num="259" count="2" type="stmt"/>
        <line num="263" count="2" type="cond" truecount="2" falsecount="1"/>
        <line num="264" count="0" type="stmt"/>
        <line num="270" count="2" type="stmt"/>
        <line num="278" count="1" type="stmt"/>
        <line num="279" count="0" type="stmt"/>
        <line num="285" count="0" type="stmt"/>
        <line num="286" count="0" type="cond" truecount="0" falsecount="1"/>
        <line num="287" count="0" type="cond" truecount="0" falsecount="1"/>
        <line num="288" count="0" type="cond" truecount="0" falsecount="1"/>
        <line num="290" count="0" type="cond" truecount="0" falsecount="2"/>
        <line num="291" count="0" type="stmt"/>
        <line num="294" count="0" type="stmt"/>
        <line num="301" count="0" type="stmt"/>
        <line num="305" count="0" type="stmt"/>
        <line num="312" count="0" type="stmt"/>
        <line num="316" count="0" type="stmt"/>
        <line num="323" count="0" type="stmt"/>
        <line num="330" count="0" type="stmt"/>
        <line num="333" count="0" type="stmt"/>
        <line num="340" count="0" type="stmt"/>
        <line num="347" count="0" type="stmt"/>
        <line num="354" count="1" type="stmt"/>
        <line num="355" count="0" type="stmt"/>
        <line num="361" count="0" type="stmt"/>
        <line num="364" count="0" type="stmt"/>
        <line num="371" count="0" type="stmt"/>
        <line num="375" count="0" type="stmt"/>
        <line num="386" count="0" type="stmt"/>
        <line num="387" count="0" type="stmt"/>
        <line num="388" count="0" type="stmt"/>
        <line num="395" count="0" type="stmt"/>
        <line num="402" count="0" type="stmt"/>
        <line num="409" count="1" type="stmt"/>
        <line num="410" count="0" type="stmt"/>
        <line num="416" count="0" type="stmt"/>
        <line num="417" count="0" type="stmt"/>
        <line num="424" count="0" type="stmt"/>
        <line num="428" count="0" type="stmt"/>
        <line num="439" count="0" type="stmt"/>
        <line num="440" count="0" type="cond" truecount="0" falsecount="2"/>
        <line num="441" count="0" type="stmt"/>
        <line num="442" count="0" type="stmt"/>
        <line num="449" count="0" type="stmt"/>
        <line num="450" count="0" type="cond" truecount="0" falsecount="2"/>
        <line num="451" count="0" type="stmt"/>
        <line num="453" count="0" type="stmt"/>
        <line num="464" count="0" type="stmt"/>
        <line num="465" count="0" type="stmt"/>
        <line num="472" count="1" type="stmt"/>
        <line num="473" count="0" type="stmt"/>
        <line num="479" count="0" type="stmt"/>
        <line num="482" count="0" type="stmt"/>
        <line num="489" count="0" type="stmt"/>
        <line num="493" count="0" type="stmt"/>
        <line num="503" count="0" type="stmt"/>
        <line num="507" count="0" type="stmt"/>
        <line num="514" count="0" type="stmt"/>
        <line num="521" count="0" type="stmt"/>
        <line num="524" count="0" type="stmt"/>
        <line num="531" count="0" type="stmt"/>
        <line num="534" count="0" type="stmt"/>
        <line num="541" count="0" type="stmt"/>
        <line num="548" count="1" type="stmt"/>
        <line num="549" count="0" type="stmt"/>
        <line num="555" count="0" type="stmt"/>
        <line num="558" count="0" type="stmt"/>
        <line num="565" count="0" type="stmt"/>
        <line num="568" count="0" type="stmt"/>
        <line num="575" count="0" type="stmt"/>
        <line num="579" count="0" type="stmt"/>
        <line num="589" count="0" type="stmt"/>
        <line num="593" count="0" type="stmt"/>
        <line num="600" count="1" type="stmt"/>
        <line num="609" count="0" type="stmt"/>
        <line num="610" count="0" type="stmt"/>
        <line num="611" count="0" type="stmt"/>
        <line num="612" count="0" type="stmt"/>
        <line num="613" count="0" type="stmt"/>
        <line num="614" count="0" type="stmt"/>
        <line num="621" count="1" type="stmt"/>
        <line num="624" count="0" type="stmt"/>
      </file>
    </package>
    <package name="src.services">
      <metrics statements="195" coveredstatements="0" conditionals="90" coveredconditionals="0" methods="45" coveredmethods="0"/>
      <file name="legacyGarden.ts" path="/Users/luborfedak/Documents/Github/hollywood/packages/logic/src/services/legacyGarden.ts">
        <metrics statements="72" coveredstatements="0" conditionals="28" coveredconditionals="0" methods="20" coveredmethods="0"/>
        <line num="56" count="0" type="stmt"/>
        <line num="57" count="0" type="stmt"/>
        <line num="61" count="0" type="stmt"/>
        <line num="62" count="0" type="stmt"/>
        <line num="66" count="0" type="stmt"/>
        <line num="79" count="0" type="stmt"/>
        <line num="175" count="0" type="stmt"/>
        <line num="178" count="0" type="stmt"/>
        <line num="184" count="0" type="stmt"/>
        <line num="187" count="0" type="stmt"/>
        <line num="190" count="0" type="cond" truecount="0" falsecount="2"/>
        <line num="191" count="0" type="stmt"/>
        <line num="196" count="0" type="stmt"/>
        <line num="199" count="0" type="stmt"/>
        <line num="203" count="0" type="stmt"/>
        <line num="204" count="0" type="stmt"/>
        <line num="207" count="0" type="stmt"/>
        <line num="209" count="0" type="stmt"/>
        <line num="213" count="0" type="stmt"/>
        <line num="216" count="0" type="stmt"/>
        <line num="219" count="0" type="cond" truecount="0" falsecount="2"/>
        <line num="220" count="0" type="cond" truecount="0" falsecount="2"/>
        <line num="221" count="0" type="cond" truecount="0" falsecount="1"/>
        <line num="224" count="0" type="stmt"/>
        <line num="227" count="0" type="stmt"/>
        <line num="230" count="0" type="stmt"/>
        <line num="232" count="0" type="stmt"/>
        <line num="236" count="0" type="stmt"/>
        <line num="238" count="0" type="cond" truecount="0" falsecount="2"/>
        <line num="239" count="0" type="stmt"/>
        <line num="240" count="0" type="cond" truecount="0" falsecount="2"/>
        <line num="241" count="0" type="stmt"/>
        <line num="242" count="0" type="cond" truecount="0" falsecount="2"/>
        <line num="243" count="0" type="stmt"/>
        <line num="244" count="0" type="cond" truecount="0" falsecount="2"/>
        <line num="245" count="0" type="stmt"/>
        <line num="246" count="0" type="cond" truecount="0" falsecount="2"/>
        <line num="247" count="0" type="stmt"/>
        <line num="249" count="0" type="stmt"/>
        <line num="254" count="0" type="stmt"/>
        <line num="256" count="0" type="stmt"/>
        <line num="257" count="0" type="cond" truecount="0" falsecount="1"/>
        <line num="259" count="0" type="stmt"/>
        <line num="261" count="0" type="cond" truecount="0" falsecount="4"/>
        <line num="263" count="0" type="stmt"/>
        <line num="264" count="0" type="stmt"/>
        <line num="266" count="0" type="stmt"/>
        <line num="267" count="0" type="stmt"/>
        <line num="269" count="0" type="stmt"/>
        <line num="270" count="0" type="stmt"/>
        <line num="272" count="0" type="stmt"/>
        <line num="273" count="0" type="stmt"/>
        <line num="276" count="0" type="cond" truecount="0" falsecount="1"/>
        <line num="277" count="0" type="stmt"/>
        <line num="278" count="0" type="stmt"/>
        <line num="279" count="0" type="stmt"/>
        <line num="283" count="0" type="stmt"/>
        <line num="287" count="0" type="stmt"/>
        <line num="291" count="0" type="stmt"/>
        <line num="295" count="0" type="cond" truecount="0" falsecount="2"/>
        <line num="299" count="0" type="stmt"/>
        <line num="303" count="0" type="stmt"/>
        <line num="307" count="0" type="stmt"/>
        <line num="309" count="0" type="cond" truecount="0" falsecount="1"/>
        <line num="310" count="0" type="cond" truecount="0" falsecount="1"/>
        <line num="311" count="0" type="cond" truecount="0" falsecount="1"/>
        <line num="312" count="0" type="stmt"/>
        <line num="316" count="0" type="stmt"/>
        <line num="351" count="0" type="stmt"/>
        <line num="355" count="0" type="stmt"/>
        <line num="356" count="0" type="stmt"/>
        <line num="360" count="0" type="stmt"/>
      </file>
      <file name="textAnalyzer.ts" path="/Users/luborfedak/Documents/Github/hollywood/packages/logic/src/services/textAnalyzer.ts">
        <metrics statements="54" coveredstatements="0" conditionals="22" coveredconditionals="0" methods="14" coveredmethods="0"/>
        <line num="18" count="0" type="stmt"/>
        <line num="76" count="0" type="stmt"/>
        <line num="133" count="0" type="stmt"/>
        <line num="142" count="0" type="cond" truecount="0" falsecount="3"/>
        <line num="143" count="0" type="stmt"/>
        <line num="152" count="0" type="stmt"/>
        <line num="153" count="0" type="stmt"/>
        <line num="156" count="0" type="stmt"/>
        <line num="157" count="0" type="stmt"/>
        <line num="161" count="0" type="stmt"/>
        <line num="165" count="0" type="stmt"/>
        <line num="171" count="0" type="stmt"/>
        <line num="179" count="0" type="stmt"/>
        <line num="180" count="0" type="stmt"/>
        <line num="181" count="0" type="stmt"/>
        <line num="183" count="0" type="stmt"/>
        <line num="199" count="0" type="cond" truecount="0" falsecount="3"/>
        <line num="200" count="0" type="stmt"/>
        <line num="203" count="0" type="stmt"/>
        <line num="207" count="0" type="stmt"/>
        <line num="209" count="0" type="stmt"/>
        <line num="212" count="0" type="stmt"/>
        <line num="213" count="0" type="stmt"/>
        <line num="215" count="0" type="stmt"/>
        <line num="216" count="0" type="stmt"/>
        <line num="217" count="0" type="stmt"/>
        <line num="221" count="0" type="stmt"/>
        <line num="227" count="0" type="stmt"/>
        <line num="232" count="0" type="stmt"/>
        <line num="253" count="0" type="stmt"/>
        <line num="255" count="0" type="stmt"/>
        <line num="256" count="0" type="stmt"/>
        <line num="258" count="0" type="cond" truecount="0" falsecount="3"/>
        <line num="260" count="0" type="cond" truecount="0" falsecount="1"/>
        <line num="261" count="0" type="stmt"/>
        <line num="267" count="0" type="stmt"/>
        <line num="282" count="0" type="stmt"/>
        <line num="284" count="0" type="cond" truecount="0" falsecount="1"/>
        <line num="285" count="0" type="stmt"/>
        <line num="288" count="0" type="cond" truecount="0" falsecount="2"/>
        <line num="304" count="0" type="cond" truecount="0" falsecount="1"/>
        <line num="305" count="0" type="stmt"/>
        <line num="309" count="0" type="cond" truecount="0" falsecount="1"/>
        <line num="310" count="0" type="stmt"/>
        <line num="314" count="0" type="cond" truecount="0" falsecount="1"/>
        <line num="315" count="0" type="stmt"/>
        <line num="319" count="0" type="stmt"/>
        <line num="323" count="0" type="stmt"/>
        <line num="325" count="0" type="cond" truecount="0" falsecount="1"/>
        <line num="329" count="0" type="stmt"/>
        <line num="332" count="0" type="cond" truecount="0" falsecount="1"/>
        <line num="336" count="0" type="stmt"/>
        <line num="339" count="0" type="stmt"/>
        <line num="343" count="0" type="stmt"/>
      </file>
      <file name="textManager.ts" path="/Users/luborfedak/Documents/Github/hollywood/packages/logic/src/services/textManager.ts">
        <metrics statements="69" coveredstatements="0" conditionals="40" coveredconditionals="0" methods="11" coveredmethods="0"/>
        <line num="24" count="0" type="stmt"/>
        <line num="25" count="0" type="stmt"/>
        <line num="26" count="0" type="stmt"/>
        <line num="29" count="0" type="cond" truecount="0" falsecount="1"/>
        <line num="30" count="0" type="stmt"/>
        <line num="35" count="0" type="stmt"/>
        <line num="39" count="0" type="stmt"/>
        <line num="43" count="0" type="cond" truecount="0" falsecount="1"/>
        <line num="45" count="0" type="stmt"/>
        <line num="46" count="0" type="stmt"/>
        <line num="47" count="0" type="stmt"/>
        <line num="49" count="0" type="cond" truecount="0" falsecount="2"/>
        <line num="55" count="0" type="cond" truecount="0" falsecount="4"/>
        <line num="57" count="0" type="cond" truecount="0" falsecount="4"/>
        <line num="58" count="0" type="cond" truecount="0" falsecount="2"/>
        <line num="59" count="0" type="stmt"/>
        <line num="60" count="0" type="stmt"/>
        <line num="62" count="0" type="cond" truecount="0" falsecount="2"/>
        <line num="63" count="0" type="stmt"/>
        <line num="64" count="0" type="stmt"/>
        <line num="66" count="0" type="stmt"/>
        <line num="69" count="0" type="cond" truecount="0" falsecount="2"/>
        <line num="70" count="0" type="stmt"/>
        <line num="71" count="0" type="stmt"/>
        <line num="72" count="0" type="stmt"/>
        <line num="76" count="0" type="cond" truecount="0" falsecount="2"/>
        <line num="77" count="0" type="stmt"/>
        <line num="78" count="0" type="stmt"/>
        <line num="79" count="0" type="stmt"/>
        <line num="82" count="0" type="stmt"/>
        <line num="89" count="0" type="stmt"/>
        <line num="90" count="0" type="stmt"/>
        <line num="97" count="0" type="stmt"/>
        <line num="98" count="0" type="stmt"/>
        <line num="100" count="0" type="cond" truecount="0" falsecount="4"/>
        <line num="102" count="0" type="cond" truecount="0" falsecount="2"/>
        <line num="103" count="0" type="stmt"/>
        <line num="106" count="0" type="cond" truecount="0" falsecount="2"/>
        <line num="107" count="0" type="stmt"/>
        <line num="108" count="0" type="stmt"/>
        <line num="112" count="0" type="stmt"/>
        <line num="113" count="0" type="stmt"/>
        <line num="116" count="0" type="stmt"/>
        <line num="124" count="0" type="stmt"/>
        <line num="142" count="0" type="stmt"/>
        <line num="144" count="0" type="cond" truecount="0" falsecount="2"/>
        <line num="146" count="0" type="stmt"/>
        <line num="154" count="0" type="stmt"/>
        <line num="156" count="0" type="cond" truecount="0" falsecount="4"/>
        <line num="158" count="0" type="stmt"/>
        <line num="160" count="0" type="stmt"/>
        <line num="162" count="0" type="stmt"/>
        <line num="163" count="0" type="stmt"/>
        <line num="166" count="0" type="stmt"/>
        <line num="168" count="0" type="stmt"/>
        <line num="171" count="0" type="stmt"/>
        <line num="179" count="0" type="stmt"/>
        <line num="181" count="0" type="cond" truecount="0" falsecount="4"/>
        <line num="182" count="0" type="stmt"/>
        <line num="183" count="0" type="stmt"/>
        <line num="184" count="0" type="cond" truecount="0" falsecount="2"/>
        <line num="185" count="0" type="stmt"/>
        <line num="186" count="0" type="stmt"/>
        <line num="188" count="0" type="stmt"/>
        <line num="189" count="0" type="stmt"/>
        <line num="192" count="0" type="stmt"/>
        <line num="196" count="0" type="stmt"/>
        <line num="200" count="0" type="stmt"/>
        <line num="204" count="0" type="stmt"/>
      </file>
    </package>
    <package name="src.utils">
      <metrics statements="268" coveredstatements="45" conditionals="136" coveredconditionals="14" methods="67" coveredmethods="13"/>
      <file name="api-error-handler.ts" path="/Users/luborfedak/Documents/Github/hollywood/packages/logic/src/utils/api-error-handler.ts">
        <metrics statements="80" coveredstatements="45" conditionals="58" coveredconditionals="14" methods="24" coveredmethods="13"/>
        <line num="7" count="1" type="stmt"/>
        <line num="9" count="23" type="stmt"/>
        <line num="11" count="23" type="stmt"/>
        <line num="12" count="23" type="stmt"/>
        <line num="14" count="23" type="stmt"/>
        <line num="15" count="23" type="stmt"/>
        <line num="22" count="0" type="stmt"/>
        <line num="33" count="2" type="cond" truecount="2" falsecount="0"/>
        <line num="40" count="0" type="cond" truecount="0" falsecount="2"/>
        <line num="47" count="0" type="cond" truecount="0" falsecount="2"/>
        <line num="54" count="2" type="cond" truecount="1" falsecount="2"/>
        <line num="61" count="1" type="stmt"/>
        <line num="67" count="0" type="cond" truecount="0" falsecount="4"/>
        <line num="68" count="0" type="stmt"/>
        <line num="69" count="0" type="stmt"/>
        <line num="78" count="0" type="stmt"/>
        <line num="84" count="1" type="stmt"/>
        <line num="88" count="33" type="stmt"/>
        <line num="89" count="33" type="stmt"/>
        <line num="91" count="21" type="stmt"/>
        <line num="94" count="21" type="cond" truecount="1" falsecount="0"/>
        <line num="95" count="21" type="stmt"/>
        <line num="99" count="0" type="cond" truecount="0" falsecount="3"/>
        <line num="100" count="0" type="stmt"/>
        <line num="109" count="0" type="cond" truecount="0" falsecount="3"/>
        <line num="110" count="0" type="stmt"/>
        <line num="120" count="0" type="cond" truecount="0" falsecount="2"/>
        <line num="121" count="0" type="stmt"/>
        <line num="133" count="1" type="stmt"/>
        <line num="137" count="23" type="stmt"/>
        <line num="138" count="33" type="stmt"/>
        <line num="139" count="33" type="cond" truecount="3" falsecount="0"/>
        <line num="142" count="23" type="cond" truecount="1" falsecount="0"/>
        <line num="143" count="4" type="stmt"/>
        <line num="154" count="1" type="stmt"/>
        <line num="158" count="19" type="stmt"/>
        <line num="159" count="19" type="stmt"/>
        <line num="161" count="19" type="stmt"/>
        <line num="162" count="27" type="cond" truecount="2" falsecount="1"/>
        <line num="163" count="0" type="stmt"/>
        <line num="167" count="19" type="cond" truecount="0" falsecount="1"/>
        <line num="168" count="0" type="stmt"/>
        <line num="179" count="1" type="stmt"/>
        <line num="180" count="27" type="stmt"/>
        <line num="182" count="4" type="cond" truecount="2" falsecount="0"/>
        <line num="183" count="0" type="stmt"/>
        <line num="184" count="0" type="stmt"/>
        <line num="186" count="0" type="cond" truecount="0" falsecount="3"/>
        <line num="188" count="0" type="cond" truecount="0" falsecount="1"/>
        <line num="189" count="0" type="stmt"/>
        <line num="190" count="0" type="stmt"/>
        <line num="193" count="10" type="cond" truecount="0" falsecount="1"/>
        <line num="195" count="10" type="stmt"/>
        <line num="196" count="10" type="stmt"/>
        <line num="199" count="0" type="cond" truecount="0" falsecount="1"/>
        <line num="200" count="0" type="stmt"/>
        <line num="201" count="0" type="stmt"/>
        <line num="202" count="0" type="stmt"/>
        <line num="204" count="0" type="stmt"/>
        <line num="208" count="0" type="cond" truecount="0" falsecount="1"/>
        <line num="209" count="0" type="stmt"/>
        <line num="210" count="0" type="stmt"/>
        <line num="217" count="1" type="stmt"/>
        <line num="222" count="0" type="stmt"/>
        <line num="223" count="0" type="stmt"/>
        <line num="225" count="0" type="stmt"/>
        <line num="237" count="1" type="stmt"/>
        <line num="245" count="3" type="stmt"/>
        <line num="246" count="5" type="stmt"/>
        <line num="247" count="5" type="stmt"/>
        <line num="250" count="2" type="cond" truecount="1" falsecount="1"/>
        <line num="259" count="2" type="stmt"/>
        <line num="262" count="2" type="cond" truecount="0" falsecount="1"/>
        <line num="263" count="0" type="stmt"/>
        <line num="267" count="2" type="cond" truecount="0" falsecount="1"/>
        <line num="268" count="0" type="stmt"/>
        <line num="272" count="2" type="stmt"/>
        <line num="273" count="2" type="stmt"/>
        <line num="276" count="2" type="stmt"/>
        <line num="281" count="0" type="stmt"/>
      </file>
      <file name="api-versioning.ts" path="/Users/luborfedak/Documents/Github/hollywood/packages/logic/src/utils/api-versioning.ts">
        <metrics statements="126" coveredstatements="0" conditionals="53" coveredconditionals="0" methods="30" coveredmethods="0"/>
        <line num="43" count="0" type="stmt"/>
        <line num="62" count="0" type="stmt"/>
        <line num="63" count="0" type="stmt"/>
        <line num="64" count="0" type="cond" truecount="0" falsecount="1"/>
        <line num="65" count="0" type="stmt"/>
        <line num="68" count="0" type="stmt"/>
        <line num="69" count="0" type="stmt"/>
        <line num="83" count="0" type="stmt"/>
        <line num="84" count="0" type="stmt"/>
        <line num="95" count="0" type="stmt"/>
        <line num="96" count="0" type="cond" truecount="0" falsecount="1"/>
        <line num="97" count="0" type="cond" truecount="0" falsecount="2"/>
        <line num="99" count="0" type="cond" truecount="0" falsecount="1"/>
        <line num="100" count="0" type="cond" truecount="0" falsecount="2"/>
        <line num="102" count="0" type="cond" truecount="0" falsecount="1"/>
        <line num="103" count="0" type="cond" truecount="0" falsecount="2"/>
        <line num="105" count="0" type="stmt"/>
        <line num="117" count="0" type="stmt"/>
        <line num="122" count="0" type="stmt"/>
        <line num="123" count="0" type="cond" truecount="0" falsecount="1"/>
        <line num="124" count="0" type="stmt"/>
        <line num="127" count="0" type="cond" truecount="0" falsecount="1"/>
        <line num="128" count="0" type="stmt"/>
        <line num="129" count="0" type="cond" truecount="0" falsecount="1"/>
        <line num="130" count="0" type="stmt"/>
        <line num="134" count="0" type="stmt"/>
        <line num="141" count="0" type="stmt"/>
        <line num="151" count="0" type="stmt"/>
        <line num="152" count="0" type="stmt"/>
        <line num="162" count="0" type="stmt"/>
        <line num="178" count="0" type="cond" truecount="0" falsecount="1"/>
        <line num="179" count="0" type="stmt"/>
        <line num="180" count="0" type="stmt"/>
        <line num="183" count="0" type="stmt"/>
        <line num="184" count="0" type="stmt"/>
        <line num="185" count="0" type="stmt"/>
        <line num="187" count="0" type="stmt"/>
        <line num="188" count="0" type="stmt"/>
        <line num="205" count="0" type="stmt"/>
        <line num="207" count="0" type="cond" truecount="0" falsecount="2"/>
        <line num="208" count="0" type="stmt"/>
        <line num="213" count="0" type="stmt"/>
        <line num="220" count="0" type="cond" truecount="0" falsecount="1"/>
        <line num="222" count="0" type="stmt"/>
        <line num="233" count="0" type="stmt"/>
        <line num="248" count="0" type="stmt"/>
        <line num="259" count="0" type="cond" truecount="0" falsecount="1"/>
        <line num="260" count="0" type="stmt"/>
        <line num="263" count="0" type="stmt"/>
        <line num="264" count="0" type="stmt"/>
        <line num="267" count="0" type="stmt"/>
        <line num="268" count="0" type="stmt"/>
        <line num="270" count="0" type="cond" truecount="0" falsecount="1"/>
        <line num="271" count="0" type="stmt"/>
        <line num="275" count="0" type="stmt"/>
        <line num="276" count="0" type="stmt"/>
        <line num="277" count="0" type="stmt"/>
        <line num="279" count="0" type="cond" truecount="0" falsecount="1"/>
        <line num="280" count="0" type="stmt"/>
        <line num="284" count="0" type="stmt"/>
        <line num="286" count="0" type="stmt"/>
        <line num="287" count="0" type="stmt"/>
        <line num="297" count="0" type="stmt"/>
        <line num="307" count="0" type="stmt"/>
        <line num="308" count="0" type="stmt"/>
        <line num="309" count="0" type="stmt"/>
        <line num="311" count="0" type="stmt"/>
        <line num="320" count="0" type="stmt"/>
        <line num="334" count="0" type="stmt"/>
        <line num="351" count="0" type="stmt"/>
        <line num="366" count="0" type="stmt"/>
        <line num="367" count="0" type="cond" truecount="0" falsecount="1"/>
        <line num="368" count="0" type="stmt"/>
        <line num="371" count="0" type="stmt"/>
        <line num="381" count="0" type="stmt"/>
        <line num="382" count="0" type="cond" truecount="0" falsecount="1"/>
        <line num="383" count="0" type="stmt"/>
        <line num="386" count="0" type="stmt"/>
        <line num="387" count="0" type="cond" truecount="0" falsecount="1"/>
        <line num="388" count="0" type="stmt"/>
        <line num="390" count="0" type="stmt"/>
        <line num="392" count="0" type="stmt"/>
        <line num="401" count="0" type="stmt"/>
        <line num="402" count="0" type="cond" truecount="0" falsecount="1"/>
        <line num="403" count="0" type="stmt"/>
        <line num="412" count="0" type="stmt"/>
        <line num="428" count="0" type="cond" truecount="0" falsecount="1"/>
        <line num="429" count="0" type="stmt"/>
        <line num="433" count="0" type="stmt"/>
        <line num="451" count="0" type="cond" truecount="0" falsecount="3"/>
        <line num="453" count="0" type="stmt"/>
        <line num="456" count="0" type="stmt"/>
        <line num="468" count="0" type="stmt"/>
        <line num="471" count="0" type="cond" truecount="0" falsecount="3"/>
        <line num="472" count="0" type="stmt"/>
        <line num="473" count="0" type="stmt"/>
        <line num="477" count="0" type="cond" truecount="0" falsecount="1"/>
        <line num="478" count="0" type="stmt"/>
        <line num="482" count="0" type="cond" truecount="0" falsecount="3"/>
        <line num="483" count="0" type="stmt"/>
        <line num="484" count="0" type="cond" truecount="0" falsecount="3"/>
        <line num="485" count="0" type="stmt"/>
        <line num="490" count="0" type="stmt"/>
        <line num="502" count="0" type="stmt"/>
        <line num="506" count="0" type="stmt"/>
        <line num="507" count="0" type="stmt"/>
        <line num="510" count="0" type="stmt"/>
        <line num="518" count="0" type="stmt"/>
        <line num="526" count="0" type="stmt"/>
        <line num="529" count="0" type="stmt"/>
        <line num="534" count="0" type="stmt"/>
        <line num="537" count="0" type="stmt"/>
        <line num="538" count="0" type="stmt"/>
        <line num="539" count="0" type="cond" truecount="0" falsecount="3"/>
        <line num="540" count="0" type="stmt"/>
        <line num="543" count="0" type="stmt"/>
        <line num="550" count="0" type="stmt"/>
        <line num="552" count="0" type="stmt"/>
        <line num="557" count="0" type="stmt"/>
        <line num="564" count="0" type="stmt"/>
        <line num="566" count="0" type="stmt"/>
        <line num="571" count="0" type="stmt"/>
        <line num="578" count="0" type="stmt"/>
        <line num="580" count="0" type="stmt"/>
        <line num="585" count="0" type="stmt"/>
        <line num="589" count="0" type="stmt"/>
      </file>
      <file name="date.ts" path="/Users/luborfedak/Documents/Github/hollywood/packages/logic/src/utils/date.ts">
        <metrics statements="62" coveredstatements="0" conditionals="25" coveredconditionals="0" methods="13" coveredmethods="0"/>
        <line num="19" count="0" type="stmt"/>
        <line num="23" count="0" type="cond" truecount="0" falsecount="2"/>
        <line num="25" count="0" type="cond" truecount="0" falsecount="1"/>
        <line num="26" count="0" type="stmt"/>
        <line num="30" count="0" type="cond" truecount="0" falsecount="2"/>
        <line num="34" count="0" type="stmt"/>
        <line num="43" count="0" type="stmt"/>
        <line num="44" count="0" type="stmt"/>
        <line num="45" count="0" type="stmt"/>
        <line num="47" count="0" type="cond" truecount="0" falsecount="1"/>
        <line num="48" count="0" type="cond" truecount="0" falsecount="1"/>
        <line num="49" count="0" type="stmt"/>
        <line num="50" count="0" type="cond" truecount="0" falsecount="1"/>
        <line num="51" count="0" type="stmt"/>
        <line num="52" count="0" type="cond" truecount="0" falsecount="1"/>
        <line num="53" count="0" type="stmt"/>
        <line num="54" count="0" type="cond" truecount="0" falsecount="1"/>
        <line num="55" count="0" type="stmt"/>
        <line num="56" count="0" type="cond" truecount="0" falsecount="1"/>
        <line num="57" count="0" type="stmt"/>
        <line num="58" count="0" type="stmt"/>
        <line num="68" count="0" type="stmt"/>
        <line num="69" count="0" type="stmt"/>
        <line num="70" count="0" type="stmt"/>
        <line num="80" count="0" type="stmt"/>
        <line num="81" count="0" type="stmt"/>
        <line num="82" count="0" type="stmt"/>
        <line num="83" count="0" type="stmt"/>
        <line num="92" count="0" type="stmt"/>
        <line num="93" count="0" type="stmt"/>
        <line num="102" count="0" type="stmt"/>
        <line num="103" count="0" type="stmt"/>
        <line num="117" count="0" type="cond" truecount="0" falsecount="2"/>
        <line num="127" count="0" type="cond" truecount="0" falsecount="1"/>
        <line num="128" count="0" type="cond" truecount="0" falsecount="2"/>
        <line num="132" count="0" type="stmt"/>
        <line num="141" count="0" type="stmt"/>
        <line num="142" count="0" type="stmt"/>
        <line num="143" count="0" type="stmt"/>
        <line num="144" count="0" type="stmt"/>
        <line num="153" count="0" type="stmt"/>
        <line num="154" count="0" type="stmt"/>
        <line num="155" count="0" type="stmt"/>
        <line num="156" count="0" type="stmt"/>
        <line num="165" count="0" type="stmt"/>
        <line num="166" count="0" type="stmt"/>
        <line num="167" count="0" type="stmt"/>
        <line num="176" count="0" type="stmt"/>
        <line num="177" count="0" type="stmt"/>
        <line num="178" count="0" type="stmt"/>
        <line num="179" count="0" type="stmt"/>
        <line num="181" count="0" type="cond" truecount="0" falsecount="2"/>
        <line num="190" count="0" type="stmt"/>
        <line num="191" count="0" type="stmt"/>
        <line num="192" count="0" type="stmt"/>
        <line num="204" count="0" type="stmt"/>
        <line num="205" count="0" type="stmt"/>
        <line num="206" count="0" type="stmt"/>
        <line num="207" count="0" type="stmt"/>
        <line num="209" count="0" type="cond" truecount="0" falsecount="1"/>
        <line num="213" count="0" type="stmt"/>
        <line num="216" count="0" type="stmt"/>
      </file>
    </package>
  </project>
</coverage>
