{"/Users/luborfedak/Documents/Github/hollywood/packages/logic/src/api-definitions.ts": {"path":"/Users/luborfedak/Documents/Github/hollywood/packages/logic/src/api-definitions.ts","statementMap":{"0":{"start":{"line":621,"column":0},"end":{"line":621,"column":16}},"1":{"start":{"line":10,"column":0},"end":{"line":10,"column":null}},"2":{"start":{"line":40,"column":22},"end":{"line":40,"column":51}},"3":{"start":{"line":46,"column":4},"end":{"line":86,"column":26}},"4":{"start":{"line":48,"column":6},"end":{"line":50,"column":7}},"5":{"start":{"line":49,"column":8},"end":{"line":49,"column":63}},"6":{"start":{"line":52,"column":23},"end":{"line":52,"column":73}},"7":{"start":{"line":53,"column":6},"end":{"line":53,"column":69}},"8":{"start":{"line":56,"column":6},"end":{"line":60,"column":9}},"9":{"start":{"line":63,"column":6},"end":{"line":68,"column":7}},"10":{"start":{"line":64,"column":8},"end":{"line":67,"column":10}},"11":{"start":{"line":70,"column":23},"end":{"line":74,"column":null}},"12":{"start":{"line":71,"column":14},"end":{"line":71,"column":78}},"13":{"start":{"line":77,"column":27},"end":{"line":77,"column":62}},"14":{"start":{"line":78,"column":6},"end":{"line":83,"column":7}},"15":{"start":{"line":79,"column":8},"end":{"line":82,"column":10}},"16":{"start":{"line":85,"column":6},"end":{"line":85,"column":35}},"17":{"start":{"line":93,"column":4},"end":{"line":131,"column":24}},"18":{"start":{"line":95,"column":6},"end":{"line":100,"column":7}},"19":{"start":{"line":99,"column":8},"end":{"line":99,"column":78}},"20":{"start":{"line":101,"column":6},"end":{"line":109,"column":7}},"21":{"start":{"line":105,"column":8},"end":{"line":108,"column":10}},"22":{"start":{"line":111,"column":26},"end":{"line":111,"column":47}},"23":{"start":{"line":112,"column":6},"end":{"line":112,"column":77}},"24":{"start":{"line":112,"column":24},"end":{"line":112,"column":77}},"25":{"start":{"line":113,"column":6},"end":{"line":113,"column":80}},"26":{"start":{"line":113,"column":25},"end":{"line":113,"column":80}},"27":{"start":{"line":114,"column":6},"end":{"line":115,"column":65}},"28":{"start":{"line":115,"column":8},"end":{"line":115,"column":65}},"29":{"start":{"line":116,"column":6},"end":{"line":116,"column":75}},"30":{"start":{"line":116,"column":27},"end":{"line":116,"column":75}},"31":{"start":{"line":118,"column":23},"end":{"line":118,"column":100}},"32":{"start":{"line":119,"column":23},"end":{"line":120,"column":null}},"33":{"start":{"line":123,"column":6},"end":{"line":128,"column":7}},"34":{"start":{"line":124,"column":8},"end":{"line":127,"column":10}},"35":{"start":{"line":130,"column":6},"end":{"line":130,"column":32}},"36":{"start":{"line":138,"column":4},"end":{"line":155,"column":29}},"37":{"start":{"line":139,"column":6},"end":{"line":139,"column":39}},"38":{"start":{"line":140,"column":6},"end":{"line":140,"column":57}},"39":{"start":{"line":142,"column":6},"end":{"line":144,"column":7}},"40":{"start":{"line":143,"column":8},"end":{"line":143,"column":79}},"41":{"start":{"line":146,"column":23},"end":{"line":147,"column":null}},"42":{"start":{"line":150,"column":6},"end":{"line":152,"column":7}},"43":{"start":{"line":151,"column":8},"end":{"line":151,"column":79}},"44":{"start":{"line":154,"column":6},"end":{"line":154,"column":31}},"45":{"start":{"line":162,"column":4},"end":{"line":201,"column":26}},"46":{"start":{"line":163,"column":6},"end":{"line":163,"column":39}},"47":{"start":{"line":164,"column":6},"end":{"line":164,"column":57}},"48":{"start":{"line":166,"column":6},"end":{"line":168,"column":7}},"49":{"start":{"line":167,"column":8},"end":{"line":167,"column":79}},"50":{"start":{"line":170,"column":6},"end":{"line":172,"column":7}},"51":{"start":{"line":171,"column":8},"end":{"line":171,"column":74}},"52":{"start":{"line":175,"column":6},"end":{"line":180,"column":7}},"53":{"start":{"line":179,"column":8},"end":{"line":179,"column":73}},"54":{"start":{"line":181,"column":6},"end":{"line":186,"column":7}},"55":{"start":{"line":185,"column":8},"end":{"line":185,"column":77}},"56":{"start":{"line":188,"column":23},"end":{"line":190,"column":null}},"57":{"start":{"line":193,"column":6},"end":{"line":198,"column":7}},"58":{"start":{"line":194,"column":8},"end":{"line":197,"column":10}},"59":{"start":{"line":200,"column":6},"end":{"line":200,"column":31}},"60":{"start":{"line":208,"column":4},"end":{"line":217,"column":26}},"61":{"start":{"line":209,"column":6},"end":{"line":209,"column":39}},"62":{"start":{"line":210,"column":6},"end":{"line":210,"column":57}},"63":{"start":{"line":212,"column":6},"end":{"line":214,"column":7}},"64":{"start":{"line":213,"column":8},"end":{"line":213,"column":79}},"65":{"start":{"line":216,"column":6},"end":{"line":216,"column":58}},"66":{"start":{"line":224,"column":4},"end":{"line":229,"column":36}},"67":{"start":{"line":225,"column":6},"end":{"line":225,"column":51}},"68":{"start":{"line":226,"column":6},"end":{"line":226,"column":69}},"69":{"start":{"line":228,"column":6},"end":{"line":228,"column":39}},"70":{"start":{"line":236,"column":4},"end":{"line":241,"column":32}},"71":{"start":{"line":237,"column":6},"end":{"line":237,"column":59}},"72":{"start":{"line":238,"column":6},"end":{"line":238,"column":77}},"73":{"start":{"line":240,"column":6},"end":{"line":240,"column":43}},"74":{"start":{"line":248,"column":4},"end":{"line":271,"column":27}},"75":{"start":{"line":249,"column":6},"end":{"line":249,"column":45}},"76":{"start":{"line":250,"column":6},"end":{"line":250,"column":63}},"77":{"start":{"line":252,"column":6},"end":{"line":257,"column":7}},"78":{"start":{"line":253,"column":8},"end":{"line":256,"column":10}},"79":{"start":{"line":259,"column":23},"end":{"line":260,"column":null}},"80":{"start":{"line":263,"column":6},"end":{"line":268,"column":7}},"81":{"start":{"line":264,"column":8},"end":{"line":267,"column":10}},"82":{"start":{"line":270,"column":6},"end":{"line":270,"column":32}},"83":{"start":{"line":39,"column":0},"end":{"line":39,"column":13}},"84":{"start":{"line":279,"column":22},"end":{"line":279,"column":51}},"85":{"start":{"line":285,"column":24},"end":{"line":285,"column":45}},"86":{"start":{"line":286,"column":4},"end":{"line":286,"column":75}},"87":{"start":{"line":286,"column":22},"end":{"line":286,"column":75}},"88":{"start":{"line":287,"column":4},"end":{"line":287,"column":78}},"89":{"start":{"line":287,"column":23},"end":{"line":287,"column":78}},"90":{"start":{"line":288,"column":4},"end":{"line":288,"column":69}},"91":{"start":{"line":288,"column":27},"end":{"line":288,"column":69}},"92":{"start":{"line":290,"column":21},"end":{"line":290,"column":98}},"93":{"start":{"line":291,"column":21},"end":{"line":292,"column":null}},"94":{"start":{"line":294,"column":4},"end":{"line":294,"column":30}},"95":{"start":{"line":301,"column":21},"end":{"line":303,"column":null}},"96":{"start":{"line":305,"column":4},"end":{"line":305,"column":29}},"97":{"start":{"line":312,"column":21},"end":{"line":314,"column":null}},"98":{"start":{"line":316,"column":4},"end":{"line":316,"column":29}},"99":{"start":{"line":323,"column":4},"end":{"line":323,"column":56}},"100":{"start":{"line":330,"column":21},"end":{"line":331,"column":null}},"101":{"start":{"line":333,"column":4},"end":{"line":333,"column":29}},"102":{"start":{"line":340,"column":4},"end":{"line":340,"column":52}},"103":{"start":{"line":347,"column":4},"end":{"line":347,"column":45}},"104":{"start":{"line":278,"column":0},"end":{"line":278,"column":13}},"105":{"start":{"line":355,"column":22},"end":{"line":355,"column":51}},"106":{"start":{"line":361,"column":21},"end":{"line":362,"column":null}},"107":{"start":{"line":364,"column":4},"end":{"line":364,"column":28}},"108":{"start":{"line":371,"column":21},"end":{"line":373,"column":null}},"109":{"start":{"line":375,"column":4},"end":{"line":375,"column":28}},"110":{"start":{"line":386,"column":21},"end":{"line":386,"column":78}},"111":{"start":{"line":387,"column":25},"end":{"line":387,"column":57}},"112":{"start":{"line":388,"column":4},"end":{"line":388,"column":32}},"113":{"start":{"line":395,"column":4},"end":{"line":395,"column":76}},"114":{"start":{"line":402,"column":4},"end":{"line":402,"column":72}},"115":{"start":{"line":354,"column":0},"end":{"line":354,"column":13}},"116":{"start":{"line":410,"column":22},"end":{"line":410,"column":51}},"117":{"start":{"line":416,"column":21},"end":{"line":416,"column":78}},"118":{"start":{"line":417,"column":4},"end":{"line":417,"column":25}},"119":{"start":{"line":424,"column":21},"end":{"line":426,"column":null}},"120":{"start":{"line":428,"column":4},"end":{"line":428,"column":25}},"121":{"start":{"line":439,"column":24},"end":{"line":439,"column":40}},"122":{"start":{"line":440,"column":26},"end":{"line":440,"column":57}},"123":{"start":{"line":441,"column":4},"end":{"line":441,"column":36}},"124":{"start":{"line":442,"column":4},"end":{"line":442,"column":66}},"125":{"start":{"line":449,"column":24},"end":{"line":449,"column":40}},"126":{"start":{"line":450,"column":26},"end":{"line":451,"column":null}},"127":{"start":{"line":451,"column":11},"end":{"line":451,"column":37}},"128":{"start":{"line":453,"column":4},"end":{"line":453,"column":66}},"129":{"start":{"line":464,"column":24},"end":{"line":464,"column":40}},"130":{"start":{"line":465,"column":4},"end":{"line":465,"column":61}},"131":{"start":{"line":409,"column":0},"end":{"line":409,"column":13}},"132":{"start":{"line":473,"column":22},"end":{"line":473,"column":51}},"133":{"start":{"line":479,"column":21},"end":{"line":480,"column":null}},"134":{"start":{"line":482,"column":4},"end":{"line":482,"column":26}},"135":{"start":{"line":489,"column":21},"end":{"line":491,"column":null}},"136":{"start":{"line":493,"column":4},"end":{"line":493,"column":25}},"137":{"start":{"line":503,"column":21},"end":{"line":505,"column":null}},"138":{"start":{"line":507,"column":4},"end":{"line":507,"column":25}},"139":{"start":{"line":514,"column":4},"end":{"line":514,"column":59}},"140":{"start":{"line":521,"column":21},"end":{"line":522,"column":null}},"141":{"start":{"line":524,"column":4},"end":{"line":524,"column":26}},"142":{"start":{"line":531,"column":21},"end":{"line":532,"column":null}},"143":{"start":{"line":534,"column":4},"end":{"line":534,"column":26}},"144":{"start":{"line":541,"column":4},"end":{"line":541,"column":52}},"145":{"start":{"line":472,"column":0},"end":{"line":472,"column":13}},"146":{"start":{"line":549,"column":22},"end":{"line":549,"column":51}},"147":{"start":{"line":555,"column":21},"end":{"line":556,"column":null}},"148":{"start":{"line":558,"column":4},"end":{"line":558,"column":29}},"149":{"start":{"line":565,"column":21},"end":{"line":567,"column":35}},"150":{"start":{"line":568,"column":4},"end":{"line":568,"column":31}},"151":{"start":{"line":575,"column":21},"end":{"line":578,"column":41}},"152":{"start":{"line":579,"column":4},"end":{"line":579,"column":20}},"153":{"start":{"line":589,"column":21},"end":{"line":592,"column":35}},"154":{"start":{"line":593,"column":4},"end":{"line":593,"column":20}},"155":{"start":{"line":548,"column":0},"end":{"line":548,"column":13}},"156":{"start":{"line":609,"column":4},"end":{"line":609,"column":52}},"157":{"start":{"line":610,"column":4},"end":{"line":610,"column":52}},"158":{"start":{"line":611,"column":4},"end":{"line":611,"column":49}},"159":{"start":{"line":612,"column":4},"end":{"line":612,"column":43}},"160":{"start":{"line":613,"column":4},"end":{"line":613,"column":56}},"161":{"start":{"line":614,"column":4},"end":{"line":614,"column":53}},"162":{"start":{"line":600,"column":0},"end":{"line":600,"column":13}},"163":{"start":{"line":624,"column":2},"end":{"line":624,"column":39}}},"fnMap":{"0":{"name":"(anonymous_0)","decl":{"start":{"line":40,"column":2},"end":{"line":40,"column":22}},"loc":{"start":{"line":40,"column":51},"end":{"line":40,"column":55}}},"1":{"name":"(anonymous_1)","decl":{"start":{"line":45,"column":2},"end":{"line":45,"column":7}},"loc":{"start":{"line":45,"column":45},"end":{"line":87,"column":3}}},"2":{"name":"(anonymous_2)","decl":{"start":{"line":46,"column":29},"end":{"line":46,"column":34}},"loc":{"start":{"line":46,"column":40},"end":{"line":86,"column":5}}},"3":{"name":"(anonymous_3)","decl":{"start":{"line":71,"column":8},"end":{"line":71,"column":11}},"loc":{"start":{"line":71,"column":14},"end":{"line":71,"column":78}}},"4":{"name":"(anonymous_4)","decl":{"start":{"line":92,"column":2},"end":{"line":92,"column":7}},"loc":{"start":{"line":92,"column":46},"end":{"line":132,"column":3}}},"5":{"name":"(anonymous_5)","decl":{"start":{"line":93,"column":29},"end":{"line":93,"column":34}},"loc":{"start":{"line":93,"column":40},"end":{"line":131,"column":5}}},"6":{"name":"(anonymous_6)","decl":{"start":{"line":137,"column":2},"end":{"line":137,"column":7}},"loc":{"start":{"line":137,"column":26},"end":{"line":156,"column":3}}},"7":{"name":"(anonymous_7)","decl":{"start":{"line":138,"column":29},"end":{"line":138,"column":34}},"loc":{"start":{"line":138,"column":40},"end":{"line":155,"column":5}}},"8":{"name":"(anonymous_8)","decl":{"start":{"line":161,"column":2},"end":{"line":161,"column":7}},"loc":{"start":{"line":161,"column":56},"end":{"line":202,"column":3}}},"9":{"name":"(anonymous_9)","decl":{"start":{"line":162,"column":29},"end":{"line":162,"column":34}},"loc":{"start":{"line":162,"column":40},"end":{"line":201,"column":5}}},"10":{"name":"(anonymous_10)","decl":{"start":{"line":207,"column":2},"end":{"line":207,"column":7}},"loc":{"start":{"line":207,"column":25},"end":{"line":218,"column":3}}},"11":{"name":"(anonymous_11)","decl":{"start":{"line":208,"column":29},"end":{"line":208,"column":34}},"loc":{"start":{"line":208,"column":40},"end":{"line":217,"column":5}}},"12":{"name":"(anonymous_12)","decl":{"start":{"line":223,"column":2},"end":{"line":223,"column":7}},"loc":{"start":{"line":223,"column":38},"end":{"line":230,"column":3}}},"13":{"name":"(anonymous_13)","decl":{"start":{"line":224,"column":29},"end":{"line":224,"column":34}},"loc":{"start":{"line":224,"column":40},"end":{"line":229,"column":5}}},"14":{"name":"(anonymous_14)","decl":{"start":{"line":235,"column":2},"end":{"line":235,"column":7}},"loc":{"start":{"line":235,"column":38},"end":{"line":242,"column":3}}},"15":{"name":"(anonymous_15)","decl":{"start":{"line":236,"column":29},"end":{"line":236,"column":34}},"loc":{"start":{"line":236,"column":40},"end":{"line":241,"column":5}}},"16":{"name":"(anonymous_16)","decl":{"start":{"line":247,"column":2},"end":{"line":247,"column":7}},"loc":{"start":{"line":247,"column":28},"end":{"line":272,"column":3}}},"17":{"name":"(anonymous_17)","decl":{"start":{"line":248,"column":29},"end":{"line":248,"column":34}},"loc":{"start":{"line":248,"column":40},"end":{"line":271,"column":5}}},"18":{"name":"(anonymous_18)","decl":{"start":{"line":279,"column":2},"end":{"line":279,"column":22}},"loc":{"start":{"line":279,"column":51},"end":{"line":279,"column":55}}},"19":{"name":"(anonymous_19)","decl":{"start":{"line":284,"column":2},"end":{"line":284,"column":7}},"loc":{"start":{"line":284,"column":46},"end":{"line":295,"column":3}}},"20":{"name":"(anonymous_20)","decl":{"start":{"line":300,"column":2},"end":{"line":300,"column":7}},"loc":{"start":{"line":300,"column":35},"end":{"line":306,"column":3}}},"21":{"name":"(anonymous_21)","decl":{"start":{"line":311,"column":2},"end":{"line":311,"column":7}},"loc":{"start":{"line":311,"column":56},"end":{"line":317,"column":3}}},"22":{"name":"(anonymous_22)","decl":{"start":{"line":322,"column":2},"end":{"line":322,"column":7}},"loc":{"start":{"line":322,"column":25},"end":{"line":324,"column":3}}},"23":{"name":"(anonymous_23)","decl":{"start":{"line":329,"column":2},"end":{"line":329,"column":7}},"loc":{"start":{"line":329,"column":26},"end":{"line":334,"column":3}}},"24":{"name":"(anonymous_24)","decl":{"start":{"line":339,"column":2},"end":{"line":339,"column":7}},"loc":{"start":{"line":339,"column":47},"end":{"line":341,"column":3}}},"25":{"name":"(anonymous_25)","decl":{"start":{"line":346,"column":2},"end":{"line":346,"column":7}},"loc":{"start":{"line":346,"column":17},"end":{"line":348,"column":3}}},"26":{"name":"(anonymous_26)","decl":{"start":{"line":355,"column":2},"end":{"line":355,"column":22}},"loc":{"start":{"line":355,"column":51},"end":{"line":355,"column":55}}},"27":{"name":"(anonymous_27)","decl":{"start":{"line":360,"column":2},"end":{"line":360,"column":7}},"loc":{"start":{"line":360,"column":11},"end":{"line":365,"column":3}}},"28":{"name":"(anonymous_28)","decl":{"start":{"line":370,"column":2},"end":{"line":370,"column":7}},"loc":{"start":{"line":370,"column":43},"end":{"line":376,"column":3}}},"29":{"name":"(anonymous_29)","decl":{"start":{"line":381,"column":2},"end":{"line":381,"column":7}},"loc":{"start":{"line":385,"column":3},"end":{"line":389,"column":3}}},"30":{"name":"(anonymous_30)","decl":{"start":{"line":394,"column":2},"end":{"line":394,"column":7}},"loc":{"start":{"line":394,"column":51},"end":{"line":396,"column":3}}},"31":{"name":"(anonymous_31)","decl":{"start":{"line":401,"column":2},"end":{"line":401,"column":7}},"loc":{"start":{"line":401,"column":62},"end":{"line":403,"column":3}}},"32":{"name":"(anonymous_32)","decl":{"start":{"line":410,"column":2},"end":{"line":410,"column":22}},"loc":{"start":{"line":410,"column":51},"end":{"line":410,"column":55}}},"33":{"name":"(anonymous_33)","decl":{"start":{"line":415,"column":2},"end":{"line":415,"column":7}},"loc":{"start":{"line":415,"column":11},"end":{"line":418,"column":3}}},"34":{"name":"(anonymous_34)","decl":{"start":{"line":423,"column":2},"end":{"line":423,"column":7}},"loc":{"start":{"line":423,"column":37},"end":{"line":429,"column":3}}},"35":{"name":"(anonymous_35)","decl":{"start":{"line":434,"column":2},"end":{"line":434,"column":7}},"loc":{"start":{"line":438,"column":3},"end":{"line":443,"column":3}}},"36":{"name":"(anonymous_36)","decl":{"start":{"line":448,"column":2},"end":{"line":448,"column":7}},"loc":{"start":{"line":448,"column":49},"end":{"line":454,"column":3}}},"37":{"name":"(anonymous_37)","decl":{"start":{"line":451,"column":6},"end":{"line":451,"column":7}},"loc":{"start":{"line":451,"column":11},"end":{"line":451,"column":37}}},"38":{"name":"(anonymous_38)","decl":{"start":{"line":459,"column":2},"end":{"line":459,"column":7}},"loc":{"start":{"line":463,"column":3},"end":{"line":466,"column":3}}},"39":{"name":"(anonymous_39)","decl":{"start":{"line":473,"column":2},"end":{"line":473,"column":22}},"loc":{"start":{"line":473,"column":51},"end":{"line":473,"column":55}}},"40":{"name":"(anonymous_40)","decl":{"start":{"line":478,"column":2},"end":{"line":478,"column":7}},"loc":{"start":{"line":478,"column":14},"end":{"line":483,"column":3}}},"41":{"name":"(anonymous_41)","decl":{"start":{"line":488,"column":2},"end":{"line":488,"column":7}},"loc":{"start":{"line":488,"column":43},"end":{"line":494,"column":3}}},"42":{"name":"(anonymous_42)","decl":{"start":{"line":499,"column":2},"end":{"line":499,"column":7}},"loc":{"start":{"line":501,"column":35},"end":{"line":508,"column":3}}},"43":{"name":"(anonymous_43)","decl":{"start":{"line":513,"column":2},"end":{"line":513,"column":7}},"loc":{"start":{"line":513,"column":25},"end":{"line":515,"column":3}}},"44":{"name":"(anonymous_44)","decl":{"start":{"line":520,"column":2},"end":{"line":520,"column":7}},"loc":{"start":{"line":520,"column":54},"end":{"line":525,"column":3}}},"45":{"name":"(anonymous_45)","decl":{"start":{"line":530,"column":2},"end":{"line":530,"column":7}},"loc":{"start":{"line":530,"column":48},"end":{"line":535,"column":3}}},"46":{"name":"(anonymous_46)","decl":{"start":{"line":540,"column":2},"end":{"line":540,"column":7}},"loc":{"start":{"line":540,"column":32},"end":{"line":542,"column":3}}},"47":{"name":"(anonymous_47)","decl":{"start":{"line":549,"column":2},"end":{"line":549,"column":22}},"loc":{"start":{"line":549,"column":51},"end":{"line":549,"column":55}}},"48":{"name":"(anonymous_48)","decl":{"start":{"line":554,"column":2},"end":{"line":554,"column":7}},"loc":{"start":{"line":554,"column":19},"end":{"line":559,"column":3}}},"49":{"name":"(anonymous_49)","decl":{"start":{"line":564,"column":2},"end":{"line":564,"column":7}},"loc":{"start":{"line":564,"column":21},"end":{"line":569,"column":3}}},"50":{"name":"(anonymous_50)","decl":{"start":{"line":574,"column":2},"end":{"line":574,"column":7}},"loc":{"start":{"line":574,"column":26},"end":{"line":580,"column":3}}},"51":{"name":"(anonymous_51)","decl":{"start":{"line":585,"column":2},"end":{"line":585,"column":7}},"loc":{"start":{"line":585,"column":31},"end":{"line":594,"column":3}}},"52":{"name":"(anonymous_52)","decl":{"start":{"line":608,"column":2},"end":{"line":608,"column":14}},"loc":{"start":{"line":608,"column":43},"end":{"line":615,"column":3}}},"53":{"name":"createLegacyGuardAPI","decl":{"start":{"line":621,"column":16},"end":{"line":621,"column":36}},"loc":{"start":{"line":622,"column":31},"end":{"line":625,"column":1}}}},"branchMap":{"0":{"loc":{"start":{"line":48,"column":6},"end":{"line":50,"column":7}},"type":"if","locations":[{"start":{"line":48,"column":6},"end":{"line":50,"column":7}}]},"1":{"loc":{"start":{"line":63,"column":6},"end":{"line":68,"column":7}},"type":"if","locations":[{"start":{"line":63,"column":6},"end":{"line":68,"column":7}}]},"2":{"loc":{"start":{"line":78,"column":6},"end":{"line":83,"column":7}},"type":"if","locations":[{"start":{"line":78,"column":6},"end":{"line":83,"column":7}}]},"3":{"loc":{"start":{"line":92,"column":15},"end":{"line":92,"column":46}},"type":"default-arg","locations":[{"start":{"line":92,"column":44},"end":{"line":92,"column":46}}]},"4":{"loc":{"start":{"line":95,"column":6},"end":{"line":100,"column":7}},"type":"if","locations":[{"start":{"line":95,"column":6},"end":{"line":100,"column":7}}]},"5":{"loc":{"start":{"line":96,"column":8},"end":{"line":97,"column":65}},"type":"binary-expr","locations":[{"start":{"line":96,"column":8},"end":{"line":96,"column":34}},{"start":{"line":97,"column":9},"end":{"line":97,"column":43}},{"start":{"line":97,"column":47},"end":{"line":97,"column":64}}]},"6":{"loc":{"start":{"line":101,"column":6},"end":{"line":109,"column":7}},"type":"if","locations":[{"start":{"line":101,"column":6},"end":{"line":109,"column":7}}]},"7":{"loc":{"start":{"line":102,"column":8},"end":{"line":103,"column":66}},"type":"binary-expr","locations":[{"start":{"line":102,"column":8},"end":{"line":102,"column":35}},{"start":{"line":103,"column":9},"end":{"line":103,"column":44}},{"start":{"line":103,"column":48},"end":{"line":103,"column":65}}]},"8":{"loc":{"start":{"line":112,"column":6},"end":{"line":112,"column":77}},"type":"if","locations":[{"start":{"line":112,"column":6},"end":{"line":112,"column":77}}]},"9":{"loc":{"start":{"line":113,"column":6},"end":{"line":113,"column":80}},"type":"if","locations":[{"start":{"line":113,"column":6},"end":{"line":113,"column":80}}]},"10":{"loc":{"start":{"line":114,"column":6},"end":{"line":115,"column":65}},"type":"if","locations":[{"start":{"line":114,"column":6},"end":{"line":115,"column":65}}]},"11":{"loc":{"start":{"line":116,"column":6},"end":{"line":116,"column":75}},"type":"if","locations":[{"start":{"line":116,"column":6},"end":{"line":116,"column":75}}]},"12":{"loc":{"start":{"line":118,"column":40},"end":{"line":118,"column":98}},"type":"cond-expr","locations":[{"start":{"line":118,"column":65},"end":{"line":118,"column":93}},{"start":{"line":118,"column":96},"end":{"line":118,"column":98}}]},"13":{"loc":{"start":{"line":123,"column":6},"end":{"line":128,"column":7}},"type":"if","locations":[{"start":{"line":123,"column":6},"end":{"line":128,"column":7}}]},"14":{"loc":{"start":{"line":123,"column":10},"end":{"line":123,"column":67}},"type":"binary-expr","locations":[{"start":{"line":123,"column":10},"end":{"line":123,"column":29}},{"start":{"line":123,"column":33},"end":{"line":123,"column":67}}]},"15":{"loc":{"start":{"line":142,"column":6},"end":{"line":144,"column":7}},"type":"if","locations":[{"start":{"line":142,"column":6},"end":{"line":144,"column":7}}]},"16":{"loc":{"start":{"line":150,"column":6},"end":{"line":152,"column":7}},"type":"if","locations":[{"start":{"line":150,"column":6},"end":{"line":152,"column":7}}]},"17":{"loc":{"start":{"line":166,"column":6},"end":{"line":168,"column":7}},"type":"if","locations":[{"start":{"line":166,"column":6},"end":{"line":168,"column":7}}]},"18":{"loc":{"start":{"line":170,"column":6},"end":{"line":172,"column":7}},"type":"if","locations":[{"start":{"line":170,"column":6},"end":{"line":172,"column":7}}]},"19":{"loc":{"start":{"line":170,"column":10},"end":{"line":170,"column":49}},"type":"binary-expr","locations":[{"start":{"line":170,"column":10},"end":{"line":170,"column":15}},{"start":{"line":170,"column":19},"end":{"line":170,"column":49}}]},"20":{"loc":{"start":{"line":175,"column":6},"end":{"line":180,"column":7}},"type":"if","locations":[{"start":{"line":175,"column":6},"end":{"line":180,"column":7}}]},"21":{"loc":{"start":{"line":176,"column":8},"end":{"line":177,"column":44}},"type":"binary-expr","locations":[{"start":{"line":176,"column":8},"end":{"line":176,"column":36}},{"start":{"line":177,"column":8},"end":{"line":177,"column":44}}]},"22":{"loc":{"start":{"line":181,"column":6},"end":{"line":186,"column":7}},"type":"if","locations":[{"start":{"line":181,"column":6},"end":{"line":186,"column":7}}]},"23":{"loc":{"start":{"line":182,"column":8},"end":{"line":183,"column":48}},"type":"binary-expr","locations":[{"start":{"line":182,"column":8},"end":{"line":182,"column":39}},{"start":{"line":183,"column":8},"end":{"line":183,"column":48}}]},"24":{"loc":{"start":{"line":193,"column":6},"end":{"line":198,"column":7}},"type":"if","locations":[{"start":{"line":193,"column":6},"end":{"line":198,"column":7}}]},"25":{"loc":{"start":{"line":212,"column":6},"end":{"line":214,"column":7}},"type":"if","locations":[{"start":{"line":212,"column":6},"end":{"line":214,"column":7}}]},"26":{"loc":{"start":{"line":252,"column":6},"end":{"line":257,"column":7}},"type":"if","locations":[{"start":{"line":252,"column":6},"end":{"line":257,"column":7}}]},"27":{"loc":{"start":{"line":263,"column":6},"end":{"line":268,"column":7}},"type":"if","locations":[{"start":{"line":263,"column":6},"end":{"line":268,"column":7}}]},"28":{"loc":{"start":{"line":263,"column":10},"end":{"line":263,"column":67}},"type":"binary-expr","locations":[{"start":{"line":263,"column":10},"end":{"line":263,"column":29}},{"start":{"line":263,"column":33},"end":{"line":263,"column":67}}]},"29":{"loc":{"start":{"line":284,"column":15},"end":{"line":284,"column":46}},"type":"default-arg","locations":[{"start":{"line":284,"column":44},"end":{"line":284,"column":46}}]},"30":{"loc":{"start":{"line":286,"column":4},"end":{"line":286,"column":75}},"type":"if","locations":[{"start":{"line":286,"column":4},"end":{"line":286,"column":75}}]},"31":{"loc":{"start":{"line":287,"column":4},"end":{"line":287,"column":78}},"type":"if","locations":[{"start":{"line":287,"column":4},"end":{"line":287,"column":78}}]},"32":{"loc":{"start":{"line":288,"column":4},"end":{"line":288,"column":69}},"type":"if","locations":[{"start":{"line":288,"column":4},"end":{"line":288,"column":69}}]},"33":{"loc":{"start":{"line":290,"column":38},"end":{"line":290,"column":96}},"type":"cond-expr","locations":[{"start":{"line":290,"column":63},"end":{"line":290,"column":91}},{"start":{"line":290,"column":94},"end":{"line":290,"column":96}}]},"34":{"loc":{"start":{"line":440,"column":26},"end":{"line":440,"column":57}},"type":"binary-expr","locations":[{"start":{"line":440,"column":26},"end":{"line":440,"column":51}},{"start":{"line":440,"column":55},"end":{"line":440,"column":57}}]},"35":{"loc":{"start":{"line":450,"column":27},"end":{"line":450,"column":58}},"type":"binary-expr","locations":[{"start":{"line":450,"column":27},"end":{"line":450,"column":52}},{"start":{"line":450,"column":56},"end":{"line":450,"column":58}}]}},"s":{"0":1,"1":1,"2":31,"3":6,"4":6,"5":1,"6":5,"7":5,"8":4,"9":4,"10":1,"11":3,"12":5,"13":3,"14":3,"15":1,"16":2,"17":9,"18":9,"19":1,"20":8,"21":1,"22":7,"23":7,"24":1,"25":7,"26":0,"27":7,"28":2,"29":7,"30":2,"31":7,"32":7,"33":7,"34":1,"35":6,"36":4,"37":4,"38":3,"39":3,"40":3,"41":0,"42":0,"43":0,"44":0,"45":4,"46":4,"47":4,"48":4,"49":4,"50":0,"51":0,"52":0,"53":0,"54":0,"55":0,"56":0,"57":0,"58":0,"59":0,"60":3,"61":3,"62":3,"63":3,"64":3,"65":0,"66":2,"67":2,"68":1,"69":1,"70":2,"71":2,"72":1,"73":1,"74":3,"75":3,"76":3,"77":3,"78":1,"79":2,"80":2,"81":0,"82":2,"83":1,"84":0,"85":0,"86":0,"87":0,"88":0,"89":0,"90":0,"91":0,"92":0,"93":0,"94":0,"95":0,"96":0,"97":0,"98":0,"99":0,"100":0,"101":0,"102":0,"103":0,"104":1,"105":0,"106":0,"107":0,"108":0,"109":0,"110":0,"111":0,"112":0,"113":0,"114":0,"115":1,"116":0,"117":0,"118":0,"119":0,"120":0,"121":0,"122":0,"123":0,"124":0,"125":0,"126":0,"127":0,"128":0,"129":0,"130":0,"131":1,"132":0,"133":0,"134":0,"135":0,"136":0,"137":0,"138":0,"139":0,"140":0,"141":0,"142":0,"143":0,"144":0,"145":1,"146":0,"147":0,"148":0,"149":0,"150":0,"151":0,"152":0,"153":0,"154":0,"155":1,"156":0,"157":0,"158":0,"159":0,"160":0,"161":0,"162":1,"163":0},"f":{"0":31,"1":6,"2":6,"3":5,"4":9,"5":9,"6":4,"7":4,"8":4,"9":4,"10":3,"11":3,"12":2,"13":2,"14":2,"15":2,"16":3,"17":3,"18":0,"19":0,"20":0,"21":0,"22":0,"23":0,"24":0,"25":0,"26":0,"27":0,"28":0,"29":0,"30":0,"31":0,"32":0,"33":0,"34":0,"35":0,"36":0,"37":0,"38":0,"39":0,"40":0,"41":0,"42":0,"43":0,"44":0,"45":0,"46":0,"47":0,"48":0,"49":0,"50":0,"51":0,"52":0,"53":0},"b":{"0":[1],"1":[1],"2":[1],"3":[3],"4":[1],"5":[9,2,2],"6":[1],"7":[8,2,2],"8":[1],"9":[0],"10":[2],"11":[2],"12":[4,3],"13":[1],"14":[7,6],"15":[3],"16":[0],"17":[4],"18":[0],"19":[0,0],"20":[0],"21":[0,0],"22":[0],"23":[0,0],"24":[0],"25":[3],"26":[1],"27":[0],"28":[2,2],"29":[0],"30":[0],"31":[0],"32":[0],"33":[0,0],"34":[0,0],"35":[0,0]}}
,"/Users/luborfedak/Documents/Github/hollywood/packages/logic/src/services/legacyGarden.ts": {"path":"/Users/luborfedak/Documents/Github/hollywood/packages/logic/src/services/legacyGarden.ts","statementMap":{"0":{"start":{"line":57,"column":10},"end":{"line":57,"column":39}},"1":{"start":{"line":61,"column":4},"end":{"line":61,"column":43}},"2":{"start":{"line":62,"column":4},"end":{"line":62,"column":32}},"3":{"start":{"line":66,"column":4},"end":{"line":75,"column":6}},"4":{"start":{"line":79,"column":4},"end":{"line":170,"column":6}},"5":{"start":{"line":175,"column":23},"end":{"line":175,"column":56}},"6":{"start":{"line":178,"column":4},"end":{"line":181,"column":6}},"7":{"start":{"line":184,"column":4},"end":{"line":184,"column":23}},"8":{"start":{"line":187,"column":4},"end":{"line":187,"column":71}},"9":{"start":{"line":190,"column":31},"end":{"line":190,"column":67}},"10":{"start":{"line":191,"column":4},"end":{"line":193,"column":6}},"11":{"start":{"line":196,"column":4},"end":{"line":196,"column":75}},"12":{"start":{"line":196,"column":56},"end":{"line":196,"column":66}},"13":{"start":{"line":199,"column":4},"end":{"line":200,"column":75}},"14":{"start":{"line":203,"column":26},"end":{"line":203,"column":66}},"15":{"start":{"line":204,"column":4},"end":{"line":204,"column":62}},"16":{"start":{"line":207,"column":4},"end":{"line":207,"column":44}},"17":{"start":{"line":209,"column":4},"end":{"line":209,"column":26}},"18":{"start":{"line":213,"column":15},"end":{"line":213,"column":16}},"19":{"start":{"line":216,"column":4},"end":{"line":216,"column":41}},"20":{"start":{"line":219,"column":4},"end":{"line":221,"column":52}},"21":{"start":{"line":219,"column":36},"end":{"line":219,"column":46}},"22":{"start":{"line":220,"column":9},"end":{"line":221,"column":52}},"23":{"start":{"line":220,"column":41},"end":{"line":220,"column":51}},"24":{"start":{"line":221,"column":9},"end":{"line":221,"column":52}},"25":{"start":{"line":221,"column":42},"end":{"line":221,"column":52}},"26":{"start":{"line":224,"column":4},"end":{"line":224,"column":40}},"27":{"start":{"line":227,"column":4},"end":{"line":227,"column":41}},"28":{"start":{"line":230,"column":4},"end":{"line":230,"column":42}},"29":{"start":{"line":232,"column":4},"end":{"line":232,"column":16}},"30":{"start":{"line":236,"column":19},"end":{"line":236,"column":40}},"31":{"start":{"line":238,"column":4},"end":{"line":250,"column":5}},"32":{"start":{"line":239,"column":6},"end":{"line":239,"column":36}},"33":{"start":{"line":240,"column":11},"end":{"line":250,"column":5}},"34":{"start":{"line":241,"column":6},"end":{"line":241,"column":38}},"35":{"start":{"line":242,"column":11},"end":{"line":250,"column":5}},"36":{"start":{"line":243,"column":6},"end":{"line":243,"column":39}},"37":{"start":{"line":244,"column":11},"end":{"line":250,"column":5}},"38":{"start":{"line":245,"column":6},"end":{"line":245,"column":42}},"39":{"start":{"line":246,"column":11},"end":{"line":250,"column":5}},"40":{"start":{"line":247,"column":6},"end":{"line":247,"column":43}},"41":{"start":{"line":249,"column":6},"end":{"line":249,"column":44}},"42":{"start":{"line":254,"column":39},"end":{"line":254,"column":41}},"43":{"start":{"line":256,"column":4},"end":{"line":281,"column":7}},"44":{"start":{"line":257,"column":6},"end":{"line":257,"column":37}},"45":{"start":{"line":257,"column":30},"end":{"line":257,"column":37}},"46":{"start":{"line":259,"column":21},"end":{"line":259,"column":26}},"47":{"start":{"line":261,"column":6},"end":{"line":274,"column":7}},"48":{"start":{"line":263,"column":10},"end":{"line":263,"column":77}},"49":{"start":{"line":264,"column":10},"end":{"line":264,"column":16}},"50":{"start":{"line":266,"column":10},"end":{"line":266,"column":71}},"51":{"start":{"line":267,"column":10},"end":{"line":267,"column":16}},"52":{"start":{"line":269,"column":10},"end":{"line":269,"column":76}},"53":{"start":{"line":270,"column":10},"end":{"line":270,"column":16}},"54":{"start":{"line":272,"column":10},"end":{"line":272,"column":75}},"55":{"start":{"line":273,"column":10},"end":{"line":273,"column":16}},"56":{"start":{"line":276,"column":6},"end":{"line":280,"column":7}},"57":{"start":{"line":277,"column":8},"end":{"line":277,"column":34}},"58":{"start":{"line":278,"column":8},"end":{"line":278,"column":42}},"59":{"start":{"line":279,"column":8},"end":{"line":279,"column":38}},"60":{"start":{"line":283,"column":4},"end":{"line":283,"column":25}},"61":{"start":{"line":287,"column":4},"end":{"line":287,"column":27}},"62":{"start":{"line":291,"column":4},"end":{"line":291,"column":51}},"63":{"start":{"line":291,"column":39},"end":{"line":291,"column":49}},"64":{"start":{"line":295,"column":4},"end":{"line":295,"column":58}},"65":{"start":{"line":295,"column":37},"end":{"line":295,"column":48}},"66":{"start":{"line":299,"column":4},"end":{"line":299,"column":26}},"67":{"start":{"line":303,"column":4},"end":{"line":303,"column":33}},"68":{"start":{"line":307,"column":19},"end":{"line":307,"column":40}},"69":{"start":{"line":309,"column":4},"end":{"line":309,"column":41}},"70":{"start":{"line":309,"column":22},"end":{"line":309,"column":41}},"71":{"start":{"line":310,"column":4},"end":{"line":310,"column":36}},"72":{"start":{"line":310,"column":22},"end":{"line":310,"column":36}},"73":{"start":{"line":311,"column":4},"end":{"line":311,"column":36}},"74":{"start":{"line":311,"column":22},"end":{"line":311,"column":36}},"75":{"start":{"line":312,"column":4},"end":{"line":312,"column":18}},"76":{"start":{"line":316,"column":22},"end":{"line":349,"column":6}},"77":{"start":{"line":351,"column":4},"end":{"line":351,"column":43}},"78":{"start":{"line":355,"column":4},"end":{"line":355,"column":43}},"79":{"start":{"line":356,"column":4},"end":{"line":356,"column":32}},"80":{"start":{"line":56,"column":0},"end":{"line":56,"column":13}},"81":{"start":{"line":360,"column":34},"end":{"line":360,"column":58}},"82":{"start":{"line":360,"column":40},"end":{"line":360,"column":58}},"83":{"start":{"line":360,"column":13},"end":{"line":360,"column":34}}},"fnMap":{"0":{"name":"(anonymous_0)","decl":{"start":{"line":60,"column":2},"end":{"line":60,"column":null}},"loc":{"start":{"line":60,"column":2},"end":{"line":63,"column":3}}},"1":{"name":"(anonymous_1)","decl":{"start":{"line":65,"column":10},"end":{"line":65,"column":24}},"loc":{"start":{"line":65,"column":24},"end":{"line":76,"column":3}}},"2":{"name":"(anonymous_2)","decl":{"start":{"line":78,"column":10},"end":{"line":78,"column":30}},"loc":{"start":{"line":78,"column":30},"end":{"line":171,"column":3}}},"3":{"name":"(anonymous_3)","decl":{"start":{"line":173,"column":2},"end":{"line":173,"column":17}},"loc":{"start":{"line":173,"column":40},"end":{"line":210,"column":3}}},"4":{"name":"(anonymous_4)","decl":{"start":{"line":196,"column":51},"end":{"line":196,"column":52}},"loc":{"start":{"line":196,"column":56},"end":{"line":196,"column":66}}},"5":{"name":"(anonymous_5)","decl":{"start":{"line":212,"column":10},"end":{"line":212,"column":29}},"loc":{"start":{"line":212,"column":52},"end":{"line":233,"column":3}}},"6":{"name":"(anonymous_6)","decl":{"start":{"line":235,"column":10},"end":{"line":235,"column":21}},"loc":{"start":{"line":235,"column":21},"end":{"line":251,"column":3}}},"7":{"name":"(anonymous_7)","decl":{"start":{"line":253,"column":2},"end":{"line":253,"column":17}},"loc":{"start":{"line":253,"column":40},"end":{"line":284,"column":3}}},"8":{"name":"(anonymous_8)","decl":{"start":{"line":256,"column":28},"end":{"line":256,"column":37}},"loc":{"start":{"line":256,"column":40},"end":{"line":281,"column":5}}},"9":{"name":"(anonymous_9)","decl":{"start":{"line":286,"column":2},"end":{"line":286,"column":15}},"loc":{"start":{"line":286,"column":15},"end":{"line":288,"column":3}}},"10":{"name":"(anonymous_10)","decl":{"start":{"line":290,"column":2},"end":{"line":290,"column":23}},"loc":{"start":{"line":290,"column":23},"end":{"line":292,"column":3}}},"11":{"name":"(anonymous_11)","decl":{"start":{"line":291,"column":34},"end":{"line":291,"column":35}},"loc":{"start":{"line":291,"column":39},"end":{"line":291,"column":49}}},"12":{"name":"(anonymous_12)","decl":{"start":{"line":294,"column":2},"end":{"line":294,"column":18}},"loc":{"start":{"line":294,"column":18},"end":{"line":296,"column":3}}},"13":{"name":"(anonymous_13)","decl":{"start":{"line":295,"column":32},"end":{"line":295,"column":33}},"loc":{"start":{"line":295,"column":37},"end":{"line":295,"column":48}}},"14":{"name":"(anonymous_14)","decl":{"start":{"line":298,"column":2},"end":{"line":298,"column":14}},"loc":{"start":{"line":298,"column":14},"end":{"line":300,"column":3}}},"15":{"name":"(anonymous_15)","decl":{"start":{"line":302,"column":2},"end":{"line":302,"column":21}},"loc":{"start":{"line":302,"column":21},"end":{"line":304,"column":3}}},"16":{"name":"(anonymous_16)","decl":{"start":{"line":306,"column":2},"end":{"line":306,"column":17}},"loc":{"start":{"line":306,"column":17},"end":{"line":313,"column":3}}},"17":{"name":"(anonymous_17)","decl":{"start":{"line":315,"column":2},"end":{"line":315,"column":14}},"loc":{"start":{"line":315,"column":14},"end":{"line":352,"column":3}}},"18":{"name":"(anonymous_18)","decl":{"start":{"line":354,"column":2},"end":{"line":354,"column":13}},"loc":{"start":{"line":354,"column":13},"end":{"line":357,"column":3}}},"19":{"name":"(anonymous_19)","decl":{"start":{"line":360,"column":34},"end":{"line":360,"column":37}},"loc":{"start":{"line":360,"column":40},"end":{"line":360,"column":58}}}},"branchMap":{"0":{"loc":{"start":{"line":190,"column":31},"end":{"line":190,"column":67}},"type":"cond-expr","locations":[{"start":{"line":190,"column":60},"end":{"line":190,"column":63}},{"start":{"line":190,"column":66},"end":{"line":190,"column":67}}]},"1":{"loc":{"start":{"line":219,"column":4},"end":{"line":221,"column":52}},"type":"if","locations":[{"start":{"line":219,"column":4},"end":{"line":221,"column":52}},{"start":{"line":220,"column":9},"end":{"line":221,"column":52}}]},"2":{"loc":{"start":{"line":220,"column":9},"end":{"line":221,"column":52}},"type":"if","locations":[{"start":{"line":220,"column":9},"end":{"line":221,"column":52}},{"start":{"line":221,"column":9},"end":{"line":221,"column":52}}]},"3":{"loc":{"start":{"line":221,"column":9},"end":{"line":221,"column":52}},"type":"if","locations":[{"start":{"line":221,"column":9},"end":{"line":221,"column":52}}]},"4":{"loc":{"start":{"line":238,"column":4},"end":{"line":250,"column":5}},"type":"if","locations":[{"start":{"line":238,"column":4},"end":{"line":250,"column":5}},{"start":{"line":240,"column":11},"end":{"line":250,"column":5}}]},"5":{"loc":{"start":{"line":240,"column":11},"end":{"line":250,"column":5}},"type":"if","locations":[{"start":{"line":240,"column":11},"end":{"line":250,"column":5}},{"start":{"line":242,"column":11},"end":{"line":250,"column":5}}]},"6":{"loc":{"start":{"line":242,"column":11},"end":{"line":250,"column":5}},"type":"if","locations":[{"start":{"line":242,"column":11},"end":{"line":250,"column":5}},{"start":{"line":244,"column":11},"end":{"line":250,"column":5}}]},"7":{"loc":{"start":{"line":244,"column":11},"end":{"line":250,"column":5}},"type":"if","locations":[{"start":{"line":244,"column":11},"end":{"line":250,"column":5}},{"start":{"line":246,"column":11},"end":{"line":250,"column":5}}]},"8":{"loc":{"start":{"line":246,"column":11},"end":{"line":250,"column":5}},"type":"if","locations":[{"start":{"line":246,"column":11},"end":{"line":250,"column":5}},{"start":{"line":248,"column":11},"end":{"line":250,"column":5}}]},"9":{"loc":{"start":{"line":257,"column":6},"end":{"line":257,"column":37}},"type":"if","locations":[{"start":{"line":257,"column":6},"end":{"line":257,"column":37}}]},"10":{"loc":{"start":{"line":261,"column":6},"end":{"line":274,"column":7}},"type":"switch","locations":[{"start":{"line":262,"column":8},"end":{"line":264,"column":16}},{"start":{"line":265,"column":8},"end":{"line":267,"column":16}},{"start":{"line":268,"column":8},"end":{"line":270,"column":16}},{"start":{"line":271,"column":8},"end":{"line":273,"column":16}}]},"11":{"loc":{"start":{"line":276,"column":6},"end":{"line":280,"column":7}},"type":"if","locations":[{"start":{"line":276,"column":6},"end":{"line":280,"column":7}}]},"12":{"loc":{"start":{"line":295,"column":11},"end":{"line":295,"column":57}},"type":"binary-expr","locations":[{"start":{"line":295,"column":11},"end":{"line":295,"column":49}},{"start":{"line":295,"column":53},"end":{"line":295,"column":57}}]},"13":{"loc":{"start":{"line":309,"column":4},"end":{"line":309,"column":41}},"type":"if","locations":[{"start":{"line":309,"column":4},"end":{"line":309,"column":41}}]},"14":{"loc":{"start":{"line":310,"column":4},"end":{"line":310,"column":36}},"type":"if","locations":[{"start":{"line":310,"column":4},"end":{"line":310,"column":36}}]},"15":{"loc":{"start":{"line":311,"column":4},"end":{"line":311,"column":36}},"type":"if","locations":[{"start":{"line":311,"column":4},"end":{"line":311,"column":36}}]}},"s":{"0":0,"1":0,"2":0,"3":0,"4":0,"5":0,"6":0,"7":0,"8":0,"9":0,"10":0,"11":0,"12":0,"13":0,"14":0,"15":0,"16":0,"17":0,"18":0,"19":0,"20":0,"21":0,"22":0,"23":0,"24":0,"25":0,"26":0,"27":0,"28":0,"29":0,"30":0,"31":0,"32":0,"33":0,"34":0,"35":0,"36":0,"37":0,"38":0,"39":0,"40":0,"41":0,"42":0,"43":0,"44":0,"45":0,"46":0,"47":0,"48":0,"49":0,"50":0,"51":0,"52":0,"53":0,"54":0,"55":0,"56":0,"57":0,"58":0,"59":0,"60":0,"61":0,"62":0,"63":0,"64":0,"65":0,"66":0,"67":0,"68":0,"69":0,"70":0,"71":0,"72":0,"73":0,"74":0,"75":0,"76":0,"77":0,"78":0,"79":0,"80":0,"81":0,"82":0,"83":0},"f":{"0":0,"1":0,"2":0,"3":0,"4":0,"5":0,"6":0,"7":0,"8":0,"9":0,"10":0,"11":0,"12":0,"13":0,"14":0,"15":0,"16":0,"17":0,"18":0,"19":0},"b":{"0":[0,0],"1":[0,0],"2":[0,0],"3":[0],"4":[0,0],"5":[0,0],"6":[0,0],"7":[0,0],"8":[0,0],"9":[0],"10":[0,0,0,0],"11":[0],"12":[0,0],"13":[0],"14":[0],"15":[0]}}
,"/Users/luborfedak/Documents/Github/hollywood/packages/logic/src/services/textAnalyzer.ts": {"path":"/Users/luborfedak/Documents/Github/hollywood/packages/logic/src/services/textAnalyzer.ts","statementMap":{"0":{"start":{"line":18,"column":28},"end":{"line":73,"column":2}},"1":{"start":{"line":76,"column":27},"end":{"line":131,"column":2}},"2":{"start":{"line":142,"column":4},"end":{"line":150,"column":5}},"3":{"start":{"line":143,"column":6},"end":{"line":149,"column":8}},"4":{"start":{"line":152,"column":22},"end":{"line":152,"column":40}},"5":{"start":{"line":153,"column":18},"end":{"line":153,"column":40}},"6":{"start":{"line":156,"column":28},"end":{"line":156,"column":73}},"7":{"start":{"line":157,"column":27},"end":{"line":157,"column":71}},"8":{"start":{"line":161,"column":28},"end":{"line":163,"column":null}},"9":{"start":{"line":165,"column":27},"end":{"line":167,"column":null}},"10":{"start":{"line":171,"column":26},"end":{"line":173,"column":null}},"11":{"start":{"line":179,"column":6},"end":{"line":179,"column":82}},"12":{"start":{"line":180,"column":28},"end":{"line":180,"column":70}},"13":{"start":{"line":181,"column":23},"end":{"line":181,"column":76}},"14":{"start":{"line":183,"column":4},"end":{"line":192,"column":6}},"15":{"start":{"line":199,"column":4},"end":{"line":201,"column":5}},"16":{"start":{"line":200,"column":6},"end":{"line":200,"column":38}},"17":{"start":{"line":203,"column":20},"end":{"line":203,"column":65}},"18":{"start":{"line":203,"column":38},"end":{"line":203,"column":64}},"19":{"start":{"line":207,"column":6},"end":{"line":207,"column":77}},"20":{"start":{"line":207,"column":33},"end":{"line":207,"column":56}},"21":{"start":{"line":209,"column":6},"end":{"line":209,"column":76}},"22":{"start":{"line":209,"column":33},"end":{"line":209,"column":55}},"23":{"start":{"line":212,"column":34},"end":{"line":212,"column":51}},"24":{"start":{"line":213,"column":33},"end":{"line":213,"column":50}},"25":{"start":{"line":215,"column":4},"end":{"line":218,"column":7}},"26":{"start":{"line":216,"column":6},"end":{"line":216,"column":71}},"27":{"start":{"line":216,"column":41},"end":{"line":216,"column":69}},"28":{"start":{"line":217,"column":6},"end":{"line":217,"column":69}},"29":{"start":{"line":217,"column":40},"end":{"line":217,"column":67}},"30":{"start":{"line":221,"column":26},"end":{"line":223,"column":null}},"31":{"start":{"line":227,"column":27},"end":{"line":229,"column":null}},"32":{"start":{"line":232,"column":4},"end":{"line":241,"column":6}},"33":{"start":{"line":253,"column":28},"end":{"line":253,"column":30}},"34":{"start":{"line":255,"column":4},"end":{"line":265,"column":7}},"35":{"start":{"line":256,"column":6},"end":{"line":264,"column":9}},"36":{"start":{"line":258,"column":8},"end":{"line":263,"column":9}},"37":{"start":{"line":260,"column":10},"end":{"line":262,"column":11}},"38":{"start":{"line":261,"column":12},"end":{"line":261,"column":32}},"39":{"start":{"line":267,"column":4},"end":{"line":267,"column":17}},"40":{"start":{"line":282,"column":22},"end":{"line":282,"column":24}},"41":{"start":{"line":284,"column":4},"end":{"line":286,"column":5}},"42":{"start":{"line":285,"column":6},"end":{"line":285,"column":24}},"43":{"start":{"line":288,"column":4},"end":{"line":288,"column":73}},"44":{"start":{"line":304,"column":4},"end":{"line":306,"column":5}},"45":{"start":{"line":305,"column":6},"end":{"line":305,"column":19}},"46":{"start":{"line":309,"column":4},"end":{"line":311,"column":5}},"47":{"start":{"line":310,"column":6},"end":{"line":310,"column":19}},"48":{"start":{"line":314,"column":4},"end":{"line":320,"column":5}},"49":{"start":{"line":315,"column":23},"end":{"line":317,"column":null}},"50":{"start":{"line":319,"column":6},"end":{"line":319,"column":27}},"51":{"start":{"line":323,"column":28},"end":{"line":323,"column":30}},"52":{"start":{"line":325,"column":4},"end":{"line":330,"column":5}},"53":{"start":{"line":329,"column":6},"end":{"line":329,"column":18}},"54":{"start":{"line":332,"column":4},"end":{"line":337,"column":5}},"55":{"start":{"line":336,"column":6},"end":{"line":336,"column":18}},"56":{"start":{"line":339,"column":4},"end":{"line":339,"column":17}},"57":{"start":{"line":133,"column":0},"end":{"line":133,"column":13}},"58":{"start":{"line":343,"column":34},"end":{"line":343,"column":58}},"59":{"start":{"line":343,"column":40},"end":{"line":343,"column":58}},"60":{"start":{"line":343,"column":13},"end":{"line":343,"column":34}}},"fnMap":{"0":{"name":"(anonymous_0)","decl":{"start":{"line":141,"column":2},"end":{"line":141,"column":17}},"loc":{"start":{"line":141,"column":30},"end":{"line":193,"column":3}}},"1":{"name":"(anonymous_1)","decl":{"start":{"line":198,"column":2},"end":{"line":198,"column":20}},"loc":{"start":{"line":198,"column":36},"end":{"line":242,"column":3}}},"2":{"name":"(anonymous_2)","decl":{"start":{"line":203,"column":30},"end":{"line":203,"column":34}},"loc":{"start":{"line":203,"column":38},"end":{"line":203,"column":64}}},"3":{"name":"(anonymous_3)","decl":{"start":{"line":207,"column":21},"end":{"line":207,"column":22}},"loc":{"start":{"line":207,"column":33},"end":{"line":207,"column":56}}},"4":{"name":"(anonymous_4)","decl":{"start":{"line":209,"column":21},"end":{"line":209,"column":22}},"loc":{"start":{"line":209,"column":33},"end":{"line":209,"column":55}}},"5":{"name":"(anonymous_5)","decl":{"start":{"line":215,"column":20},"end":{"line":215,"column":21}},"loc":{"start":{"line":215,"column":24},"end":{"line":218,"column":5}}},"6":{"name":"(anonymous_6)","decl":{"start":{"line":216,"column":36},"end":{"line":216,"column":37}},"loc":{"start":{"line":216,"column":41},"end":{"line":216,"column":69}}},"7":{"name":"(anonymous_7)","decl":{"start":{"line":217,"column":35},"end":{"line":217,"column":36}},"loc":{"start":{"line":217,"column":40},"end":{"line":217,"column":67}}},"8":{"name":"(anonymous_8)","decl":{"start":{"line":252,"column":10},"end":{"line":252,"column":22}},"loc":{"start":{"line":252,"column":58},"end":{"line":268,"column":3}}},"9":{"name":"(anonymous_9)","decl":{"start":{"line":255,"column":18},"end":{"line":255,"column":22}},"loc":{"start":{"line":255,"column":25},"end":{"line":265,"column":5}}},"10":{"name":"(anonymous_10)","decl":{"start":{"line":256,"column":23},"end":{"line":256,"column":30}},"loc":{"start":{"line":256,"column":33},"end":{"line":264,"column":7}}},"11":{"name":"(anonymous_11)","decl":{"start":{"line":278,"column":10},"end":{"line":278,"column":32}},"loc":{"start":{"line":280,"column":26},"end":{"line":289,"column":3}}},"12":{"name":"(anonymous_12)","decl":{"start":{"line":299,"column":2},"end":{"line":299,"column":25}},"loc":{"start":{"line":301,"column":38},"end":{"line":340,"column":3}}},"13":{"name":"(anonymous_13)","decl":{"start":{"line":343,"column":34},"end":{"line":343,"column":37}},"loc":{"start":{"line":343,"column":40},"end":{"line":343,"column":58}}}},"branchMap":{"0":{"loc":{"start":{"line":142,"column":4},"end":{"line":150,"column":5}},"type":"if","locations":[{"start":{"line":142,"column":4},"end":{"line":150,"column":5}}]},"1":{"loc":{"start":{"line":142,"column":8},"end":{"line":142,"column":41}},"type":"binary-expr","locations":[{"start":{"line":142,"column":8},"end":{"line":142,"column":13}},{"start":{"line":142,"column":17},"end":{"line":142,"column":41}}]},"2":{"loc":{"start":{"line":199,"column":4},"end":{"line":201,"column":5}},"type":"if","locations":[{"start":{"line":199,"column":4},"end":{"line":201,"column":5}}]},"3":{"loc":{"start":{"line":199,"column":8},"end":{"line":199,"column":36}},"type":"binary-expr","locations":[{"start":{"line":199,"column":8},"end":{"line":199,"column":14}},{"start":{"line":199,"column":18},"end":{"line":199,"column":36}}]},"4":{"loc":{"start":{"line":258,"column":8},"end":{"line":263,"column":9}},"type":"if","locations":[{"start":{"line":258,"column":8},"end":{"line":263,"column":9}}]},"5":{"loc":{"start":{"line":258,"column":12},"end":{"line":259,"column":62}},"type":"binary-expr","locations":[{"start":{"line":258,"column":12},"end":{"line":258,"column":62}},{"start":{"line":259,"column":12},"end":{"line":259,"column":62}}]},"6":{"loc":{"start":{"line":260,"column":10},"end":{"line":262,"column":11}},"type":"if","locations":[{"start":{"line":260,"column":10},"end":{"line":262,"column":11}}]},"7":{"loc":{"start":{"line":284,"column":4},"end":{"line":286,"column":5}},"type":"if","locations":[{"start":{"line":284,"column":4},"end":{"line":286,"column":5}}]},"8":{"loc":{"start":{"line":288,"column":11},"end":{"line":288,"column":72}},"type":"cond-expr","locations":[{"start":{"line":288,"column":46},"end":{"line":288,"column":58}},{"start":{"line":288,"column":61},"end":{"line":288,"column":72}}]},"9":{"loc":{"start":{"line":304,"column":4},"end":{"line":306,"column":5}},"type":"if","locations":[{"start":{"line":304,"column":4},"end":{"line":306,"column":5}}]},"10":{"loc":{"start":{"line":309,"column":4},"end":{"line":311,"column":5}},"type":"if","locations":[{"start":{"line":309,"column":4},"end":{"line":311,"column":5}}]},"11":{"loc":{"start":{"line":314,"column":4},"end":{"line":320,"column":5}},"type":"if","locations":[{"start":{"line":314,"column":4},"end":{"line":320,"column":5}}]},"12":{"loc":{"start":{"line":325,"column":4},"end":{"line":330,"column":5}},"type":"if","locations":[{"start":{"line":325,"column":4},"end":{"line":330,"column":5}}]},"13":{"loc":{"start":{"line":326,"column":6},"end":{"line":327,"column":86}},"type":"binary-expr","locations":[{"start":{"line":326,"column":6},"end":{"line":326,"column":34}},{"start":{"line":327,"column":6},"end":{"line":327,"column":86}}]},"14":{"loc":{"start":{"line":332,"column":4},"end":{"line":337,"column":5}},"type":"if","locations":[{"start":{"line":332,"column":4},"end":{"line":337,"column":5}}]},"15":{"loc":{"start":{"line":333,"column":6},"end":{"line":334,"column":86}},"type":"binary-expr","locations":[{"start":{"line":333,"column":6},"end":{"line":333,"column":33}},{"start":{"line":334,"column":6},"end":{"line":334,"column":86}}]}},"s":{"0":0,"1":0,"2":0,"3":0,"4":0,"5":0,"6":0,"7":0,"8":0,"9":0,"10":0,"11":0,"12":0,"13":0,"14":0,"15":0,"16":0,"17":0,"18":0,"19":0,"20":0,"21":0,"22":0,"23":0,"24":0,"25":0,"26":0,"27":0,"28":0,"29":0,"30":0,"31":0,"32":0,"33":0,"34":0,"35":0,"36":0,"37":0,"38":0,"39":0,"40":0,"41":0,"42":0,"43":0,"44":0,"45":0,"46":0,"47":0,"48":0,"49":0,"50":0,"51":0,"52":0,"53":0,"54":0,"55":0,"56":0,"57":0,"58":0,"59":0,"60":0},"f":{"0":0,"1":0,"2":0,"3":0,"4":0,"5":0,"6":0,"7":0,"8":0,"9":0,"10":0,"11":0,"12":0,"13":0},"b":{"0":[0],"1":[0,0],"2":[0],"3":[0,0],"4":[0],"5":[0,0],"6":[0],"7":[0],"8":[0,0],"9":[0],"10":[0],"11":[0],"12":[0],"13":[0,0],"14":[0],"15":[0,0]}}
,"/Users/luborfedak/Documents/Github/hollywood/packages/logic/src/services/textManager.ts": {"path":"/Users/luborfedak/Documents/Github/hollywood/packages/logic/src/services/textManager.ts","statementMap":{"0":{"start":{"line":25,"column":10},"end":{"line":25,"column":39}},"1":{"start":{"line":26,"column":10},"end":{"line":26,"column":48}},"2":{"start":{"line":29,"column":4},"end":{"line":31,"column":5}},"3":{"start":{"line":30,"column":6},"end":{"line":30,"column":30}},"4":{"start":{"line":35,"column":4},"end":{"line":35,"column":21}},"5":{"start":{"line":39,"column":4},"end":{"line":39,"column":21}},"6":{"start":{"line":43,"column":57},"end":{"line":43,"column":64}},"7":{"start":{"line":45,"column":15},"end":{"line":45,"column":17}},"8":{"start":{"line":46,"column":44},"end":{"line":46,"column":51}},"9":{"start":{"line":47,"column":48},"end":{"line":47,"column":57}},"10":{"start":{"line":49,"column":34},"end":{"line":53,"column":12}},"11":{"start":{"line":55,"column":4},"end":{"line":80,"column":5}},"12":{"start":{"line":57,"column":8},"end":{"line":65,"column":9}},"13":{"start":{"line":58,"column":10},"end":{"line":58,"column":142}},"14":{"start":{"line":59,"column":10},"end":{"line":59,"column":32}},"15":{"start":{"line":60,"column":10},"end":{"line":60,"column":29}},"16":{"start":{"line":62,"column":10},"end":{"line":62,"column":140}},"17":{"start":{"line":63,"column":10},"end":{"line":63,"column":28}},"18":{"start":{"line":64,"column":10},"end":{"line":64,"column":30}},"19":{"start":{"line":66,"column":8},"end":{"line":66,"column":14}},"20":{"start":{"line":69,"column":8},"end":{"line":69,"column":128}},"21":{"start":{"line":70,"column":8},"end":{"line":70,"column":28}},"22":{"start":{"line":71,"column":8},"end":{"line":71,"column":28}},"23":{"start":{"line":72,"column":8},"end":{"line":72,"column":14}},"24":{"start":{"line":76,"column":8},"end":{"line":76,"column":153}},"25":{"start":{"line":77,"column":8},"end":{"line":77,"column":32}},"26":{"start":{"line":78,"column":8},"end":{"line":78,"column":30}},"27":{"start":{"line":79,"column":8},"end":{"line":79,"column":14}},"28":{"start":{"line":82,"column":36},"end":{"line":87,"column":6}},"29":{"start":{"line":89,"column":4},"end":{"line":89,"column":40}},"30":{"start":{"line":90,"column":4},"end":{"line":90,"column":20}},"31":{"start":{"line":97,"column":15},"end":{"line":97,"column":17}},"32":{"start":{"line":98,"column":44},"end":{"line":98,"column":51}},"33":{"start":{"line":100,"column":4},"end":{"line":114,"column":5}},"34":{"start":{"line":102,"column":8},"end":{"line":102,"column":179}},"35":{"start":{"line":103,"column":8},"end":{"line":103,"column":14}},"36":{"start":{"line":106,"column":8},"end":{"line":106,"column":162}},"37":{"start":{"line":107,"column":8},"end":{"line":107,"column":28}},"38":{"start":{"line":108,"column":8},"end":{"line":108,"column":14}},"39":{"start":{"line":112,"column":8},"end":{"line":112,"column":127}},"40":{"start":{"line":113,"column":8},"end":{"line":113,"column":14}},"41":{"start":{"line":116,"column":4},"end":{"line":120,"column":6}},"42":{"start":{"line":124,"column":27},"end":{"line":140,"column":6}},"43":{"start":{"line":142,"column":31},"end":{"line":142,"column":56}},"44":{"start":{"line":144,"column":6},"end":{"line":144,"column":85}},"45":{"start":{"line":146,"column":4},"end":{"line":150,"column":6}},"46":{"start":{"line":154,"column":15},"end":{"line":154,"column":17}},"47":{"start":{"line":156,"column":4},"end":{"line":169,"column":5}},"48":{"start":{"line":158,"column":8},"end":{"line":159,"column":91}},"49":{"start":{"line":160,"column":8},"end":{"line":160,"column":14}},"50":{"start":{"line":162,"column":8},"end":{"line":162,"column":97}},"51":{"start":{"line":163,"column":8},"end":{"line":163,"column":14}},"52":{"start":{"line":166,"column":8},"end":{"line":167,"column":78}},"53":{"start":{"line":168,"column":8},"end":{"line":168,"column":14}},"54":{"start":{"line":171,"column":4},"end":{"line":175,"column":6}},"55":{"start":{"line":179,"column":34},"end":{"line":179,"column":36}},"56":{"start":{"line":181,"column":4},"end":{"line":190,"column":5}},"57":{"start":{"line":182,"column":6},"end":{"line":182,"column":58}},"58":{"start":{"line":183,"column":6},"end":{"line":183,"column":49}},"59":{"start":{"line":184,"column":11},"end":{"line":190,"column":5}},"60":{"start":{"line":185,"column":6},"end":{"line":185,"column":52}},"61":{"start":{"line":186,"column":6},"end":{"line":186,"column":55}},"62":{"start":{"line":188,"column":6},"end":{"line":188,"column":63}},"63":{"start":{"line":189,"column":6},"end":{"line":189,"column":61}},"64":{"start":{"line":192,"column":4},"end":{"line":192,"column":23}},"65":{"start":{"line":196,"column":4},"end":{"line":196,"column":32}},"66":{"start":{"line":200,"column":4},"end":{"line":200,"column":30}},"67":{"start":{"line":24,"column":0},"end":{"line":24,"column":13}},"68":{"start":{"line":204,"column":33},"end":{"line":204,"column":76}},"69":{"start":{"line":204,"column":55},"end":{"line":204,"column":76}},"70":{"start":{"line":204,"column":13},"end":{"line":204,"column":33}}},"fnMap":{"0":{"name":"(anonymous_0)","decl":{"start":{"line":28,"column":2},"end":{"line":28,"column":14}},"loc":{"start":{"line":28,"column":37},"end":{"line":32,"column":3}}},"1":{"name":"(anonymous_1)","decl":{"start":{"line":34,"column":2},"end":{"line":34,"column":9}},"loc":{"start":{"line":34,"column":25},"end":{"line":36,"column":3}}},"2":{"name":"(anonymous_2)","decl":{"start":{"line":38,"column":2},"end":{"line":38,"column":9}},"loc":{"start":{"line":38,"column":9},"end":{"line":40,"column":3}}},"3":{"name":"(anonymous_3)","decl":{"start":{"line":42,"column":2},"end":{"line":42,"column":18}},"loc":{"start":{"line":42,"column":39},"end":{"line":91,"column":3}}},"4":{"name":"(anonymous_4)","decl":{"start":{"line":93,"column":2},"end":{"line":93,"column":26}},"loc":{"start":{"line":95,"column":24},"end":{"line":121,"column":3}}},"5":{"name":"(anonymous_5)","decl":{"start":{"line":123,"column":2},"end":{"line":123,"column":23}},"loc":{"start":{"line":123,"column":45},"end":{"line":151,"column":3}}},"6":{"name":"(anonymous_6)","decl":{"start":{"line":153,"column":2},"end":{"line":153,"column":15}},"loc":{"start":{"line":153,"column":33},"end":{"line":176,"column":3}}},"7":{"name":"(anonymous_7)","decl":{"start":{"line":178,"column":10},"end":{"line":178,"column":29}},"loc":{"start":{"line":178,"column":50},"end":{"line":193,"column":3}}},"8":{"name":"(anonymous_8)","decl":{"start":{"line":195,"column":2},"end":{"line":195,"column":20}},"loc":{"start":{"line":195,"column":20},"end":{"line":197,"column":3}}},"9":{"name":"(anonymous_9)","decl":{"start":{"line":199,"column":2},"end":{"line":199,"column":14}},"loc":{"start":{"line":199,"column":14},"end":{"line":201,"column":3}}},"10":{"name":"(anonymous_10)","decl":{"start":{"line":204,"column":33},"end":{"line":204,"column":34}},"loc":{"start":{"line":204,"column":55},"end":{"line":204,"column":76}}}},"branchMap":{"0":{"loc":{"start":{"line":29,"column":4},"end":{"line":31,"column":5}},"type":"if","locations":[{"start":{"line":29,"column":4},"end":{"line":31,"column":5}}]},"1":{"loc":{"start":{"line":43,"column":18},"end":{"line":43,"column":38}},"type":"default-arg","locations":[{"start":{"line":43,"column":37},"end":{"line":43,"column":38}}]},"2":{"loc":{"start":{"line":49,"column":34},"end":{"line":53,"column":12}},"type":"cond-expr","locations":[{"start":{"line":50,"column":8},"end":{"line":51,"column":null}},{"start":{"line":53,"column":8},"end":{"line":53,"column":12}}]},"3":{"loc":{"start":{"line":55,"column":4},"end":{"line":80,"column":5}},"type":"switch","locations":[{"start":{"line":56,"column":6},"end":{"line":66,"column":14}},{"start":{"line":68,"column":6},"end":{"line":72,"column":14}},{"start":{"line":74,"column":6},"end":{"line":74,"column":22}},{"start":{"line":75,"column":6},"end":{"line":79,"column":14}}]},"4":{"loc":{"start":{"line":57,"column":8},"end":{"line":65,"column":9}},"type":"if","locations":[{"start":{"line":57,"column":8},"end":{"line":65,"column":9}},{"start":{"line":61,"column":15},"end":{"line":65,"column":9}}]},"5":{"loc":{"start":{"line":57,"column":12},"end":{"line":57,"column":62}},"type":"binary-expr","locations":[{"start":{"line":57,"column":12},"end":{"line":57,"column":33}},{"start":{"line":57,"column":37},"end":{"line":57,"column":62}}]},"6":{"loc":{"start":{"line":58,"column":34},"end":{"line":58,"column":55}},"type":"binary-expr","locations":[{"start":{"line":58,"column":34},"end":{"line":58,"column":38}},{"start":{"line":58,"column":42},"end":{"line":58,"column":55}}]},"7":{"loc":{"start":{"line":62,"column":26},"end":{"line":62,"column":41}},"type":"binary-expr","locations":[{"start":{"line":62,"column":26},"end":{"line":62,"column":30}},{"start":{"line":62,"column":34},"end":{"line":62,"column":41}}]},"8":{"loc":{"start":{"line":69,"column":27},"end":{"line":69,"column":41}},"type":"binary-expr","locations":[{"start":{"line":69,"column":27},"end":{"line":69,"column":31}},{"start":{"line":69,"column":35},"end":{"line":69,"column":41}}]},"9":{"loc":{"start":{"line":76,"column":32},"end":{"line":76,"column":48}},"type":"binary-expr","locations":[{"start":{"line":76,"column":32},"end":{"line":76,"column":36}},{"start":{"line":76,"column":40},"end":{"line":76,"column":48}}]},"10":{"loc":{"start":{"line":100,"column":4},"end":{"line":114,"column":5}},"type":"switch","locations":[{"start":{"line":101,"column":6},"end":{"line":103,"column":14}},{"start":{"line":105,"column":6},"end":{"line":108,"column":14}},{"start":{"line":110,"column":6},"end":{"line":110,"column":22}},{"start":{"line":111,"column":6},"end":{"line":113,"column":14}}]},"11":{"loc":{"start":{"line":102,"column":38},"end":{"line":102,"column":64}},"type":"binary-expr","locations":[{"start":{"line":102,"column":38},"end":{"line":102,"column":50}},{"start":{"line":102,"column":54},"end":{"line":102,"column":64}}]},"12":{"loc":{"start":{"line":106,"column":102},"end":{"line":106,"column":131}},"type":"binary-expr","locations":[{"start":{"line":106,"column":102},"end":{"line":106,"column":126}},{"start":{"line":106,"column":130},"end":{"line":106,"column":131}}]},"13":{"loc":{"start":{"line":144,"column":6},"end":{"line":144,"column":85}},"type":"binary-expr","locations":[{"start":{"line":144,"column":6},"end":{"line":144,"column":79}},{"start":{"line":144,"column":83},"end":{"line":144,"column":85}}]},"14":{"loc":{"start":{"line":156,"column":4},"end":{"line":169,"column":5}},"type":"switch","locations":[{"start":{"line":157,"column":6},"end":{"line":160,"column":14}},{"start":{"line":161,"column":6},"end":{"line":163,"column":14}},{"start":{"line":164,"column":6},"end":{"line":164,"column":22}},{"start":{"line":165,"column":6},"end":{"line":168,"column":14}}]},"15":{"loc":{"start":{"line":181,"column":4},"end":{"line":190,"column":5}},"type":"if","locations":[{"start":{"line":181,"column":4},"end":{"line":190,"column":5}},{"start":{"line":184,"column":11},"end":{"line":190,"column":5}}]},"16":{"loc":{"start":{"line":181,"column":8},"end":{"line":181,"column":67}},"type":"binary-expr","locations":[{"start":{"line":181,"column":8},"end":{"line":181,"column":33}},{"start":{"line":181,"column":37},"end":{"line":181,"column":67}}]},"17":{"loc":{"start":{"line":184,"column":11},"end":{"line":190,"column":5}},"type":"if","locations":[{"start":{"line":184,"column":11},"end":{"line":190,"column":5}},{"start":{"line":187,"column":11},"end":{"line":190,"column":5}}]}},"s":{"0":0,"1":0,"2":0,"3":0,"4":0,"5":0,"6":0,"7":0,"8":0,"9":0,"10":0,"11":0,"12":0,"13":0,"14":0,"15":0,"16":0,"17":0,"18":0,"19":0,"20":0,"21":0,"22":0,"23":0,"24":0,"25":0,"26":0,"27":0,"28":0,"29":0,"30":0,"31":0,"32":0,"33":0,"34":0,"35":0,"36":0,"37":0,"38":0,"39":0,"40":0,"41":0,"42":0,"43":0,"44":0,"45":0,"46":0,"47":0,"48":0,"49":0,"50":0,"51":0,"52":0,"53":0,"54":0,"55":0,"56":0,"57":0,"58":0,"59":0,"60":0,"61":0,"62":0,"63":0,"64":0,"65":0,"66":0,"67":0,"68":0,"69":0,"70":0},"f":{"0":0,"1":0,"2":0,"3":0,"4":0,"5":0,"6":0,"7":0,"8":0,"9":0,"10":0},"b":{"0":[0],"1":[0],"2":[0,0],"3":[0,0,0,0],"4":[0,0],"5":[0,0],"6":[0,0],"7":[0,0],"8":[0,0],"9":[0,0],"10":[0,0,0,0],"11":[0,0],"12":[0,0],"13":[0,0],"14":[0,0,0,0],"15":[0,0],"16":[0,0],"17":[0,0]}}
,"/Users/luborfedak/Documents/Github/hollywood/packages/logic/src/utils/api-error-handler.ts": {"path":"/Users/luborfedak/Documents/Github/hollywood/packages/logic/src/utils/api-error-handler.ts","statementMap":{"0":{"start":{"line":61,"column":0},"end":{"line":61,"column":16}},"1":{"start":{"line":84,"column":0},"end":{"line":84,"column":7}},"2":{"start":{"line":133,"column":0},"end":{"line":133,"column":16}},"3":{"start":{"line":154,"column":0},"end":{"line":154,"column":16}},"4":{"start":{"line":217,"column":0},"end":{"line":217,"column":16}},"5":{"start":{"line":237,"column":0},"end":{"line":237,"column":7}},"6":{"start":{"line":14,"column":4},"end":{"line":14,"column":19}},"7":{"start":{"line":9,"column":11},"end":{"line":9,"column":25}},"8":{"start":{"line":11,"column":11},"end":{"line":11,"column":28}},"9":{"start":{"line":12,"column":11},"end":{"line":12,"column":32}},"10":{"start":{"line":15,"column":4},"end":{"line":15,"column":38}},"11":{"start":{"line":22,"column":4},"end":{"line":26,"column":6}},"12":{"start":{"line":33,"column":4},"end":{"line":33,"column":51}},"13":{"start":{"line":40,"column":4},"end":{"line":40,"column":51}},"14":{"start":{"line":47,"column":4},"end":{"line":47,"column":54}},"15":{"start":{"line":54,"column":4},"end":{"line":54,"column":79}},"16":{"start":{"line":7,"column":0},"end":{"line":7,"column":13}},"17":{"start":{"line":67,"column":2},"end":{"line":75,"column":3}},"18":{"start":{"line":68,"column":26},"end":{"line":68,"column":73}},"19":{"start":{"line":69,"column":4},"end":{"line":74,"column":6}},"20":{"start":{"line":78,"column":2},"end":{"line":78,"column":23}},"21":{"start":{"line":88,"column":2},"end":{"line":127,"column":3}},"22":{"start":{"line":89,"column":4},"end":{"line":89,"column":29}},"23":{"start":{"line":91,"column":4},"end":{"line":91,"column":58}},"24":{"start":{"line":94,"column":4},"end":{"line":96,"column":5}},"25":{"start":{"line":95,"column":6},"end":{"line":95,"column":18}},"26":{"start":{"line":99,"column":4},"end":{"line":106,"column":5}},"27":{"start":{"line":100,"column":6},"end":{"line":105,"column":8}},"28":{"start":{"line":109,"column":4},"end":{"line":116,"column":5}},"29":{"start":{"line":110,"column":6},"end":{"line":115,"column":8}},"30":{"start":{"line":120,"column":6},"end":{"line":120,"column":77}},"31":{"start":{"line":121,"column":4},"end":{"line":126,"column":6}},"32":{"start":{"line":137,"column":24},"end":{"line":140,"column":4}},"33":{"start":{"line":138,"column":18},"end":{"line":138,"column":31}},"34":{"start":{"line":139,"column":4},"end":{"line":139,"column":65}},"35":{"start":{"line":142,"column":2},"end":{"line":148,"column":3}},"36":{"start":{"line":143,"column":4},"end":{"line":147,"column":6}},"37":{"start":{"line":158,"column":27},"end":{"line":158,"column":29}},"38":{"start":{"line":159,"column":18},"end":{"line":159,"column":49}},"39":{"start":{"line":161,"column":2},"end":{"line":165,"column":5}},"40":{"start":{"line":162,"column":4},"end":{"line":164,"column":5}},"41":{"start":{"line":163,"column":6},"end":{"line":163,"column":25}},"42":{"start":{"line":167,"column":2},"end":{"line":173,"column":3}},"43":{"start":{"line":168,"column":4},"end":{"line":172,"column":6}},"44":{"start":{"line":179,"column":13},"end":{"line":212,"column":2}},"45":{"start":{"line":180,"column":41},"end":{"line":180,"column":66}},"46":{"start":{"line":182,"column":4},"end":{"line":182,"column":53}},"47":{"start":{"line":183,"column":42},"end":{"line":183,"column":68}},"48":{"start":{"line":184,"column":40},"end":{"line":184,"column":60}},"49":{"start":{"line":186,"column":4},"end":{"line":186,"column":72}},"50":{"start":{"line":188,"column":4},"end":{"line":188,"column":48}},"51":{"start":{"line":188,"column":35},"end":{"line":188,"column":48}},"52":{"start":{"line":189,"column":23},"end":{"line":189,"column":51}},"53":{"start":{"line":190,"column":4},"end":{"line":190,"column":34}},"54":{"start":{"line":193,"column":4},"end":{"line":193,"column":48}},"55":{"start":{"line":193,"column":35},"end":{"line":193,"column":48}},"56":{"start":{"line":195,"column":6},"end":{"line":195,"column":78}},"57":{"start":{"line":196,"column":4},"end":{"line":196,"column":33}},"58":{"start":{"line":199,"column":4},"end":{"line":199,"column":48}},"59":{"start":{"line":199,"column":35},"end":{"line":199,"column":48}},"60":{"start":{"line":200,"column":4},"end":{"line":205,"column":5}},"61":{"start":{"line":201,"column":6},"end":{"line":201,"column":21}},"62":{"start":{"line":202,"column":6},"end":{"line":202,"column":18}},"63":{"start":{"line":204,"column":6},"end":{"line":204,"column":19}},"64":{"start":{"line":208,"column":4},"end":{"line":208,"column":48}},"65":{"start":{"line":208,"column":35},"end":{"line":208,"column":48}},"66":{"start":{"line":209,"column":17},"end":{"line":209,"column":32}},"67":{"start":{"line":210,"column":4},"end":{"line":210,"column":34}},"68":{"start":{"line":222,"column":2},"end":{"line":231,"column":3}},"69":{"start":{"line":223,"column":4},"end":{"line":223,"column":29}},"70":{"start":{"line":225,"column":4},"end":{"line":230,"column":6}},"71":{"start":{"line":245,"column":2},"end":{"line":278,"column":3}},"72":{"start":{"line":245,"column":21},"end":{"line":245,"column":22}},"73":{"start":{"line":246,"column":4},"end":{"line":277,"column":5}},"74":{"start":{"line":247,"column":6},"end":{"line":247,"column":31}},"75":{"start":{"line":250,"column":8},"end":{"line":256,"column":null}},"76":{"start":{"line":259,"column":6},"end":{"line":259,"column":27}},"77":{"start":{"line":262,"column":6},"end":{"line":264,"column":7}},"78":{"start":{"line":263,"column":8},"end":{"line":263,"column":23}},"79":{"start":{"line":267,"column":6},"end":{"line":269,"column":7}},"80":{"start":{"line":268,"column":8},"end":{"line":268,"column":23}},"81":{"start":{"line":272,"column":20},"end":{"line":272,"column":54}},"82":{"start":{"line":273,"column":6},"end":{"line":275,"column":8}},"83":{"start":{"line":276,"column":6},"end":{"line":276,"column":63}},"84":{"start":{"line":276,"column":35},"end":{"line":276,"column":61}},"85":{"start":{"line":281,"column":2},"end":{"line":287,"column":4}}},"fnMap":{"0":{"name":"(anonymous_0)","decl":{"start":{"line":8,"column":2},"end":{"line":8,"column":null}},"loc":{"start":{"line":12,"column":32},"end":{"line":16,"column":3}}},"1":{"name":"(anonymous_1)","decl":{"start":{"line":21,"column":2},"end":{"line":21,"column":8}},"loc":{"start":{"line":21,"column":8},"end":{"line":27,"column":3}}},"2":{"name":"(anonymous_2)","decl":{"start":{"line":32,"column":2},"end":{"line":32,"column":16}},"loc":{"start":{"line":32,"column":16},"end":{"line":34,"column":3}}},"3":{"name":"(anonymous_3)","decl":{"start":{"line":39,"column":2},"end":{"line":39,"column":15}},"loc":{"start":{"line":39,"column":15},"end":{"line":41,"column":3}}},"4":{"name":"(anonymous_4)","decl":{"start":{"line":46,"column":2},"end":{"line":46,"column":13}},"loc":{"start":{"line":46,"column":13},"end":{"line":48,"column":3}}},"5":{"name":"(anonymous_5)","decl":{"start":{"line":53,"column":2},"end":{"line":53,"column":13}},"loc":{"start":{"line":53,"column":13},"end":{"line":55,"column":3}}},"6":{"name":"handleApiResponse","decl":{"start":{"line":61,"column":16},"end":{"line":61,"column":33}},"loc":{"start":{"line":64,"column":23},"end":{"line":79,"column":1}}},"7":{"name":"withErrorHandling","decl":{"start":{"line":84,"column":22},"end":{"line":84,"column":39}},"loc":{"start":{"line":86,"column":23},"end":{"line":128,"column":1}}},"8":{"name":"validateRequired","decl":{"start":{"line":133,"column":16},"end":{"line":133,"column":32}},"loc":{"start":{"line":135,"column":26},"end":{"line":149,"column":1}}},"9":{"name":"(anonymous_9)","decl":{"start":{"line":137,"column":46},"end":{"line":137,"column":51}},"loc":{"start":{"line":137,"column":54},"end":{"line":140,"column":3}}},"10":{"name":"validateTypes","decl":{"start":{"line":154,"column":16},"end":{"line":154,"column":29}},"loc":{"start":{"line":156,"column":58},"end":{"line":174,"column":1}}},"11":{"name":"(anonymous_11)","decl":{"start":{"line":161,"column":38},"end":{"line":161,"column":39}},"loc":{"start":{"line":161,"column":61},"end":{"line":165,"column":3}}},"12":{"name":"(anonymous_12)","decl":{"start":{"line":180,"column":12},"end":{"line":180,"column":13}},"loc":{"start":{"line":180,"column":41},"end":{"line":180,"column":66}}},"13":{"name":"(anonymous_13)","decl":{"start":{"line":181,"column":12},"end":{"line":181,"column":13}},"loc":{"start":{"line":182,"column":4},"end":{"line":182,"column":53}}},"14":{"name":"(anonymous_14)","decl":{"start":{"line":183,"column":13},"end":{"line":183,"column":14}},"loc":{"start":{"line":183,"column":42},"end":{"line":183,"column":68}}},"15":{"name":"(anonymous_15)","decl":{"start":{"line":184,"column":11},"end":{"line":184,"column":12}},"loc":{"start":{"line":184,"column":40},"end":{"line":184,"column":60}}},"16":{"name":"(anonymous_16)","decl":{"start":{"line":185,"column":12},"end":{"line":185,"column":13}},"loc":{"start":{"line":186,"column":4},"end":{"line":186,"column":72}}},"17":{"name":"(anonymous_17)","decl":{"start":{"line":187,"column":11},"end":{"line":187,"column":12}},"loc":{"start":{"line":187,"column":39},"end":{"line":191,"column":3}}},"18":{"name":"(anonymous_18)","decl":{"start":{"line":192,"column":10},"end":{"line":192,"column":11}},"loc":{"start":{"line":192,"column":38},"end":{"line":197,"column":3}}},"19":{"name":"(anonymous_19)","decl":{"start":{"line":198,"column":9},"end":{"line":198,"column":10}},"loc":{"start":{"line":198,"column":37},"end":{"line":206,"column":3}}},"20":{"name":"(anonymous_20)","decl":{"start":{"line":207,"column":16},"end":{"line":207,"column":17}},"loc":{"start":{"line":207,"column":44},"end":{"line":211,"column":3}}},"21":{"name":"transformResponse","decl":{"start":{"line":217,"column":16},"end":{"line":217,"column":33}},"loc":{"start":{"line":220,"column":23},"end":{"line":232,"column":1}}},"22":{"name":"withRetry","decl":{"start":{"line":237,"column":22},"end":{"line":237,"column":31}},"loc":{"start":{"line":241,"column":41},"end":{"line":288,"column":1}}},"23":{"name":"(anonymous_23)","decl":{"start":{"line":276,"column":24},"end":{"line":276,"column":31}},"loc":{"start":{"line":276,"column":35},"end":{"line":276,"column":61}}}},"branchMap":{"0":{"loc":{"start":{"line":33,"column":11},"end":{"line":33,"column":50}},"type":"binary-expr","locations":[{"start":{"line":33,"column":11},"end":{"line":33,"column":28}},{"start":{"line":33,"column":32},"end":{"line":33,"column":50}}]},"1":{"loc":{"start":{"line":40,"column":11},"end":{"line":40,"column":50}},"type":"binary-expr","locations":[{"start":{"line":40,"column":11},"end":{"line":40,"column":29}},{"start":{"line":40,"column":33},"end":{"line":40,"column":50}}]},"2":{"loc":{"start":{"line":47,"column":11},"end":{"line":47,"column":53}},"type":"binary-expr","locations":[{"start":{"line":47,"column":11},"end":{"line":47,"column":30}},{"start":{"line":47,"column":34},"end":{"line":47,"column":53}}]},"3":{"loc":{"start":{"line":54,"column":11},"end":{"line":54,"column":78}},"type":"binary-expr","locations":[{"start":{"line":54,"column":11},"end":{"line":54,"column":32}},{"start":{"line":54,"column":36},"end":{"line":54,"column":55}},{"start":{"line":54,"column":59},"end":{"line":54,"column":78}}]},"4":{"loc":{"start":{"line":67,"column":2},"end":{"line":75,"column":3}},"type":"if","locations":[{"start":{"line":67,"column":2},"end":{"line":75,"column":3}}]},"5":{"loc":{"start":{"line":67,"column":6},"end":{"line":67,"column":69}},"type":"binary-expr","locations":[{"start":{"line":67,"column":6},"end":{"line":67,"column":14}},{"start":{"line":67,"column":18},"end":{"line":67,"column":46}},{"start":{"line":67,"column":50},"end":{"line":67,"column":69}}]},"6":{"loc":{"start":{"line":70,"column":6},"end":{"line":70,"column":33}},"type":"binary-expr","locations":[{"start":{"line":70,"column":6},"end":{"line":70,"column":26}},{"start":{"line":70,"column":30},"end":{"line":70,"column":33}}]},"7":{"loc":{"start":{"line":71,"column":6},"end":{"line":71,"column":44}},"type":"binary-expr","locations":[{"start":{"line":71,"column":6},"end":{"line":71,"column":25}},{"start":{"line":71,"column":29},"end":{"line":71,"column":44}}]},"8":{"loc":{"start":{"line":94,"column":4},"end":{"line":96,"column":5}},"type":"if","locations":[{"start":{"line":94,"column":4},"end":{"line":96,"column":5}}]},"9":{"loc":{"start":{"line":99,"column":4},"end":{"line":106,"column":5}},"type":"if","locations":[{"start":{"line":99,"column":4},"end":{"line":106,"column":5}}]},"10":{"loc":{"start":{"line":99,"column":8},"end":{"line":99,"column":69}},"type":"binary-expr","locations":[{"start":{"line":99,"column":8},"end":{"line":99,"column":34}},{"start":{"line":99,"column":38},"end":{"line":99,"column":69}}]},"11":{"loc":{"start":{"line":109,"column":4},"end":
[...]
mn":3}},"type":"if","locations":[{"start":{"line":64,"column":2},"end":{"line":66,"column":3}}]},"1":{"loc":{"start":{"line":70,"column":20},"end":{"line":70,"column":32}},"type":"binary-expr","locations":[{"start":{"line":70,"column":20},"end":{"line":70,"column":25}},{"start":{"line":70,"column":29},"end":{"line":70,"column":32}}]},"2":{"loc":{"start":{"line":71,"column":20},"end":{"line":71,"column":32}},"type":"binary-expr","locations":[{"start":{"line":71,"column":20},"end":{"line":71,"column":25}},{"start":{"line":71,"column":29},"end":{"line":71,"column":32}}]},"3":{"loc":{"start":{"line":72,"column":20},"end":{"line":72,"column":32}},"type":"binary-expr","locations":[{"start":{"line":72,"column":20},"end":{"line":72,"column":25}},{"start":{"line":72,"column":29},"end":{"line":72,"column":32}}]},"4":{"loc":{"start":{"line":96,"column":2},"end":{"line":98,"column":3}},"type":"if","locations":[{"start":{"line":96,"column":2},"end":{"line":98,"column":3}}]},"5":{"loc":{"start":{"line":97,"column":11},"end":{"line":97,"column":37}},"type":"cond-expr","locations":[{"start":{"line":97,"column":31},"end":{"line":97,"column":33}},{"start":{"line":97,"column":36},"end":{"line":97,"column":37}}]},"6":{"loc":{"start":{"line":99,"column":2},"end":{"line":101,"column":3}},"type":"if","locations":[{"start":{"line":99,"column":2},"end":{"line":101,"column":3}}]},"7":{"loc":{"start":{"line":100,"column":11},"end":{"line":100,"column":37}},"type":"cond-expr","locations":[{"start":{"line":100,"column":31},"end":{"line":100,"column":33}},{"start":{"line":100,"column":36},"end":{"line":100,"column":37}}]},"8":{"loc":{"start":{"line":102,"column":2},"end":{"line":104,"column":3}},"type":"if","locations":[{"start":{"line":102,"column":2},"end":{"line":104,"column":3}}]},"9":{"loc":{"start":{"line":103,"column":11},"end":{"line":103,"column":37}},"type":"cond-expr","locations":[{"start":{"line":103,"column":31},"end":{"line":103,"column":33}},{"start":{"line":103,"column":36},"end":{"line":103,"column":37}}]},"10":{"loc":{"start":{"line":119,"column":2},"end":{"line":119,"column":44}},"type":"default-arg","locations":[{"start":{"line":119,"column":24},"end":{"line":119,"column":44}}]},"11":{"loc":{"start":{"line":123,"column":2},"end":{"line":125,"column":3}},"type":"if","locations":[{"start":{"line":123,"column":2},"end":{"line":125,"column":3}}]},"12":{"loc":{"start":{"line":127,"column":2},"end":{"line":132,"column":3}},"type":"if","locations":[{"start":{"line":127,"column":2},"end":{"line":132,"column":3}}]},"13":{"loc":{"start":{"line":129,"column":4},"end":{"line":131,"column":5}},"type":"if","locations":[{"start":{"line":129,"column":4},"end":{"line":131,"column":5}}]},"14":{"loc":{"start":{"line":150,"column":14},"end":{"line":150,"column":56}},"type":"default-arg","locations":[{"start":{"line":150,"column":36},"end":{"line":150,"column":56}}]},"15":{"loc":{"start":{"line":178,"column":4},"end":{"line":181,"column":5}},"type":"if","locations":[{"start":{"line":178,"column":4},"end":{"line":181,"column":5}}]},"16":{"loc":{"start":{"line":207,"column":4},"end":{"line":217,"column":5}},"type":"if","locations":[{"start":{"line":207,"column":4},"end":{"line":217,"column":5}},{"start":{"line":212,"column":11},"end":{"line":217,"column":5}}]},"17":{"loc":{"start":{"line":220,"column":4},"end":{"line":225,"column":5}},"type":"if","locations":[{"start":{"line":220,"column":4},"end":{"line":225,"column":5}}]},"18":{"loc":{"start":{"line":242,"column":4},"end":{"line":246,"column":null}},"type":"default-arg","locations":[{"start":{"line":242,"column":38},"end":{"line":246,"column":null}}]},"19":{"loc":{"start":{"line":259,"column":4},"end":{"line":261,"column":5}},"type":"if","locations":[{"start":{"line":259,"column":4},"end":{"line":261,"column":5}}]},"20":{"loc":{"start":{"line":270,"column":6},"end":{"line":272,"column":7}},"type":"if","locations":[{"start":{"line":270,"column":6},"end":{"line":272,"column":7}}]},"21":{"loc":{"start":{"line":279,"column":6},"end":{"line":281,"column":7}},"type":"if","locations":[{"start":{"line":279,"column":6},"end":{"line":281,"column":7}}]},"22":{"loc":{"start":{"line":354,"column":10},"end":{"line":354,"column":54}},"type":"binary-expr","locations":[{"start":{"line":354,"column":10},"end":{"line":354,"column":35}},{"start":{"line":354,"column":39},"end":{"line":354,"column":54}}]},"23":{"loc":{"start":{"line":367,"column":4},"end":{"line":369,"column":5}},"type":"if","locations":[{"start":{"line":367,"column":4},"end":{"line":369,"column":5}}]},"24":{"loc":{"start":{"line":382,"column":4},"end":{"line":384,"column":5}},"type":"if","locations":[{"start":{"line":382,"column":4},"end":{"line":384,"column":5}}]},"25":{"loc":{"start":{"line":387,"column":4},"end":{"line":389,"column":5}},"type":"if","locations":[{"start":{"line":387,"column":4},"end":{"line":389,"column":5}}]},"26":{"loc":{"start":{"line":402,"column":4},"end":{"line":404,"column":5}},"type":"if","locations":[{"start":{"line":402,"column":4},"end":{"line":404,"column":5}}]},"27":{"loc":{"start":{"line":428,"column":4},"end":{"line":430,"column":5}},"type":"if","locations":[{"start":{"line":428,"column":4},"end":{"line":430,"column":5}}]},"28":{"loc":{"start":{"line":451,"column":4},"end":{"line":454,"column":5}},"type":"if","locations":[{"start":{"line":451,"column":4},"end":{"line":454,"column":5}}]},"29":{"loc":{"start":{"line":451,"column":8},"end":{"line":451,"column":62}},"type":"binary-expr","locations":[{"start":{"line":451,"column":8},"end":{"line":451,"column":33}},{"start":{"line":451,"column":37},"end":{"line":451,"column":62}}]},"30":{"loc":{"start":{"line":471,"column":4},"end":{"line":474,"column":5}},"type":"if","locations":[{"start":{"line":471,"column":4},"end":{"line":474,"column":5}}]},"31":{"loc":{"start":{"line":471,"column":8},"end":{"line":471,"column":62}},"type":"binary-expr","locations":[{"start":{"line":471,"column":8},"end":{"line":471,"column":31}},{"start":{"line":471,"column":35},"end":{"line":471,"column":62}}]},"32":{"loc":{"start":{"line":477,"column":4},"end":{"line":479,"column":5}},"type":"if","locations":[{"start":{"line":477,"column":4},"end":{"line":479,"column":5}}]},"33":{"loc":{"start":{"line":482,"column":4},"end":{"line":488,"column":5}},"type":"if","locations":[{"start":{"line":482,"column":4},"end":{"line":488,"column":5}}]},"34":{"loc":{"start":{"line":482,"column":8},"end":{"line":482,"column":63}},"type":"binary-expr","locations":[{"start":{"line":482,"column":8},"end":{"line":482,"column":39}},{"start":{"line":482,"column":43},"end":{"line":482,"column":63}}]},"35":{"loc":{"start":{"line":484,"column":8},"end":{"line":486,"column":9}},"type":"if","locations":[{"start":{"line":484,"column":8},"end":{"line":486,"column":9}}]},"36":{"loc":{"start":{"line":484,"column":12},"end":{"line":484,"column":77}},"type":"binary-expr","locations":[{"start":{"line":484,"column":12},"end":{"line":484,"column":48}},{"start":{"line":484,"column":52},"end":{"line":484,"column":77}}]},"37":{"loc":{"start":{"line":504,"column":2},"end":{"line":504,"column":44}},"type":"default-arg","locations":[{"start":{"line":504,"column":24},"end":{"line":504,"column":44}}]},"38":{"loc":{"start":{"line":539,"column":6},"end":{"line":541,"column":7}},"type":"if","locations":[{"start":{"line":539,"column":6},"end":{"line":541,"column":7}}]},"39":{"loc":{"start":{"line":539,"column":10},"end":{"line":539,"column":75}},"type":"binary-expr","locations":[{"start":{"line":539,"column":10},"end":{"line":539,"column":23}},{"start":{"line":539,"column":27},"end":{"line":539,"column":75}}]}},"s":{"0":0,"1":0,"2":0,"3":0,"4":0,"5":0,"6":0,"7":0,"8":0,"9":0,"10":0,"11":0,"12":0,"13":0,"14":0,"15":0,"16":0,"17":0,"18":0,"19":0,"20":0,"21":0,"22":0,"23":0,"24":0,"25":0,"26":0,"27":0,"28":0,"29":0,"30":0,"31":0,"32":0,"33":0,"34":0,"35":0,"36":0,"37":0,"38":0,"39":0,"40":0,"41":0,"42":0,"43":0,"44":0,"45":0,"46":0,"47":0,"48":0,"49":0,"50":0,"51":0,"52":0,"53":0,"54":0,"55":0,"56":0,"57":0,"58":0,"59":0,"60":0,"61":0,"62":0,"63":0,"64":0,"65":0,"66":0,"67":0,"68":0,"69":0,"70":0,"71":0,"72":0,"73":0,"74":0,"75":0,"76":0,"77":0,"78":0,"79":0,"80":0,"81":0,"82":0,"83":0,"84":0,"85":0,"86":0,"87":0,"88":0,"89":0,"90":0,"91":0,"92":0,"93":0,"94":0,"95":0,"96":0,"97":0,"98":0,"99":0,"100":0,"101":0,"102":0,"103":0,"104":0,"105":0,"106":0,"107":0,"108":0,"109":0,"110":0,"111":0,"112":0,"113":0,"114":0,"115":0,"116":0,"117":0,"118":0,"119":0,"120":0,"121":0,"122":0,"123":0,"124":0,"125":0,"126":0},"f":{"0":0,"1":0,"2":0,"3":0,"4":0,"5":0,"6":0,"7":0,"8":0,"9":0,"10":0,"11":0,"12":0,"13":0,"14":0,"15":0,"16":0,"17":0,"18":0,"19":0,"20":0,"21":0,"22":0,"23":0,"24":0,"25":0,"26":0,"27":0,"28":0,"29":0},"b":{"0":[0],"1":[0,0],"2":[0,0],"3":[0,0],"4":[0],"5":[0,0],"6":[0],"7":[0,0],"8":[0],"9":[0,0],"10":[0],"11":[0],"12":[0],"13":[0],"14":[0],"15":[0],"16":[0,0],"17":[0],"18":[0],"19":[0],"20":[0],"21":[0],"22":[0,0],"23":[0],"24":[0],"25":[0],"26":[0],"27":[0],"28":[0],"29":[0,0],"30":[0],"31":[0,0],"32":[0],"33":[0],"34":[0,0],"35":[0],"36":[0,0],"37":[0],"38":[0],"39":[0,0]}}
,"/Users/luborfedak/Documents/Github/hollywood/packages/logic/src/utils/date.ts": {"path":"/Users/luborfedak/Documents/Github/hollywood/packages/logic/src/utils/date.ts","statementMap":{"0":{"start":{"line":19,"column":0},"end":{"line":19,"column":16}},"1":{"start":{"line":43,"column":0},"end":{"line":43,"column":16}},"2":{"start":{"line":68,"column":0},"end":{"line":68,"column":16}},"3":{"start":{"line":80,"column":0},"end":{"line":80,"column":16}},"4":{"start":{"line":92,"column":0},"end":{"line":92,"column":16}},"5":{"start":{"line":102,"column":0},"end":{"line":102,"column":16}},"6":{"start":{"line":127,"column":0},"end":{"line":127,"column":16}},"7":{"start":{"line":141,"column":0},"end":{"line":141,"column":16}},"8":{"start":{"line":153,"column":0},"end":{"line":153,"column":16}},"9":{"start":{"line":165,"column":0},"end":{"line":165,"column":16}},"10":{"start":{"line":176,"column":0},"end":{"line":176,"column":16}},"11":{"start":{"line":190,"column":0},"end":{"line":190,"column":16}},"12":{"start":{"line":204,"column":0},"end":{"line":204,"column":16}},"13":{"start":{"line":23,"column":12},"end":{"line":23,"column":60}},"14":{"start":{"line":25,"column":2},"end":{"line":27,"column":3}},"15":{"start":{"line":26,"column":4},"end":{"line":26,"column":30}},"16":{"start":{"line":30,"column":4},"end":{"line":32,"column":59}},"17":{"start":{"line":34,"column":2},"end":{"line":34,"column":48}},"18":{"start":{"line":44,"column":14},"end":{"line":44,"column":24}},"19":{"start":{"line":45,"column":24},"end":{"line":45,"column":75}},"20":{"start":{"line":47,"column":2},"end":{"line":47,"column":44}},"21":{"start":{"line":47,"column":26},"end":{"line":47,"column":44}},"22":{"start":{"line":48,"column":2},"end":{"line":49,"column":59}},"23":{"start":{"line":49,"column":4},"end":{"line":49,"column":59}},"24":{"start":{"line":50,"column":2},"end":{"line":51,"column":59}},"25":{"start":{"line":51,"column":4},"end":{"line":51,"column":59}},"26":{"start":{"line":52,"column":2},"end":{"line":53,"column":59}},"27":{"start":{"line":53,"column":4},"end":{"line":53,"column":59}},"28":{"start":{"line":54,"column":2},"end":{"line":55,"column":61}},"29":{"start":{"line":55,"column":4},"end":{"line":55,"column":61}},"30":{"start":{"line":56,"column":2},"end":{"line":57,"column":63}},"31":{"start":{"line":57,"column":4},"end":{"line":57,"column":63}},"32":{"start":{"line":58,"column":2},"end":{"line":58,"column":61}},"33":{"start":{"line":69,"column":19},"end":{"line":69,"column":62}},"34":{"start":{"line":70,"column":2},"end":{"line":70,"column":54}},"35":{"start":{"line":81,"column":17},"end":{"line":81,"column":31}},"36":{"start":{"line":82,"column":2},"end":{"line":82,"column":42}},"37":{"start":{"line":83,"column":2},"end":{"line":83,"column":16}},"38":{"start":{"line":93,"column":2},"end":{"line":93,"column":27}},"39":{"start":{"line":103,"column":21},"end":{"line":116,"column":4}},"40":{"start":{"line":117,"column":2},"end":{"line":117,"column":33}},"41":{"start":{"line":128,"column":46},"end":{"line":130,"column":58}},"42":{"start":{"line":132,"column":2},"end":{"line":132,"column":51}},"43":{"start":{"line":142,"column":17},"end":{"line":142,"column":31}},"44":{"start":{"line":143,"column":2},"end":{"line":143,"column":30}},"45":{"start":{"line":144,"column":2},"end":{"line":144,"column":16}},"46":{"start":{"line":154,"column":17},"end":{"line":154,"column":31}},"47":{"start":{"line":155,"column":2},"end":{"line":155,"column":35}},"48":{"start":{"line":156,"column":2},"end":{"line":156,"column":16}},"49":{"start":{"line":166,"column":16},"end":{"line":166,"column":26}},"50":{"start":{"line":167,"column":2},"end":{"line":167,"column":54}},"51":{"start":{"line":177,"column":14},"end":{"line":177,"column":24}},"52":{"start":{"line":178,"column":20},"end":{"line":178,"column":71}},"53":{"start":{"line":179,"column":18},"end":{"line":179,"column":73}},"54":{"start":{"line":181,"column":2},"end":{"line":181,"column":74}},"55":{"start":{"line":191,"column":14},"end":{"line":191,"column":24}},"56":{"start":{"line":192,"column":2},"end":{"line":195,"column":4}},"57":{"start":{"line":205,"column":16},"end":{"line":205,"column":26}},"58":{"start":{"line":206,"column":12},"end":{"line":206,"column":57}},"59":{"start":{"line":207,"column":20},"end":{"line":207,"column":59}},"60":{"start":{"line":209,"column":2},"end":{"line":214,"column":3}},"61":{"start":{"line":213,"column":4},"end":{"line":213,"column":10}},"62":{"start":{"line":216,"column":2},"end":{"line":216,"column":13}}},"fnMap":{"0":{"name":"formatDate","decl":{"start":{"line":19,"column":16},"end":{"line":19,"column":26}},"loc":{"start":{"line":21,"column":49},"end":{"line":35,"column":1}}},"1":{"name":"getRelativeTime","decl":{"start":{"line":43,"column":16},"end":{"line":43,"column":31}},"loc":{"start":{"line":43,"column":42},"end":{"line":59,"column":1}}},"2":{"name":"getDaysBetween","decl":{"start":{"line":68,"column":16},"end":{"line":68,"column":30}},"loc":{"start":{"line":68,"column":55},"end":{"line":71,"column":1}}},"3":{"name":"addDays","decl":{"start":{"line":80,"column":16},"end":{"line":80,"column":23}},"loc":{"start":{"line":80,"column":48},"end":{"line":84,"column":1}}},"4":{"name":"isExpired","decl":{"start":{"line":92,"column":16},"end":{"line":92,"column":25}},"loc":{"start":{"line":92,"column":36},"end":{"line":94,"column":1}}},"5":{"name":"getMonthName","decl":{"start":{"line":102,"column":16},"end":{"line":102,"column":28}},"loc":{"start":{"line":102,"column":42},"end":{"line":118,"column":1}}},"6":{"name":"formatTime","decl":{"start":{"line":127,"column":16},"end":{"line":127,"column":26}},"loc":{"start":{"line":127,"column":65},"end":{"line":133,"column":1}}},"7":{"name":"getStartOfDay","decl":{"start":{"line":141,"column":16},"end":{"line":141,"column":29}},"loc":{"start":{"line":141,"column":40},"end":{"line":145,"column":1}}},"8":{"name":"getEndOfDay","decl":{"start":{"line":153,"column":16},"end":{"line":153,"column":27}},"loc":{"start":{"line":153,"column":38},"end":{"line":157,"column":1}}},"9":{"name":"isToday","decl":{"start":{"line":165,"column":16},"end":{"line":165,"column":23}},"loc":{"start":{"line":165,"column":34},"end":{"line":168,"column":1}}},"10":{"name":"isThisWeek","decl":{"start":{"line":176,"column":16},"end":{"line":176,"column":26}},"loc":{"start":{"line":176,"column":37},"end":{"line":182,"column":1}}},"11":{"name":"isThisMonth","decl":{"start":{"line":190,"column":16},"end":{"line":190,"column":27}},"loc":{"start":{"line":190,"column":38},"end":{"line":196,"column":1}}},"12":{"name":"getAge","decl":{"start":{"line":204,"column":16},"end":{"line":204,"column":22}},"loc":{"start":{"line":204,"column":38},"end":{"line":217,"column":1}}}},"branchMap":{"0":{"loc":{"start":{"line":21,"column":2},"end":{"line":21,"column":49}},"type":"default-arg","locations":[{"start":{"line":21,"column":42},"end":{"line":21,"column":49}}]},"1":{"loc":{"start":{"line":23,"column":12},"end":{"line":23,"column":60}},"type":"cond-expr","locations":[{"start":{"line":23,"column":39},"end":{"line":23,"column":53}},{"start":{"line":23,"column":56},"end":{"line":23,"column":60}}]},"2":{"loc":{"start":{"line":25,"column":2},"end":{"line":27,"column":3}},"type":"if","locations":[{"start":{"line":25,"column":2},"end":{"line":27,"column":3}}]},"3":{"loc":{"start":{"line":30,"column":4},"end":{"line":32,"column":59}},"type":"cond-expr","locations":[{"start":{"line":31,"column":8},"end":{"line":31,"column":58}},{"start":{"line":32,"column":8},"end":{"line":32,"column":59}}]},"4":{"loc":{"start":{"line":47,"column":2},"end":{"line":47,"column":44}},"type":"if","locations":[{"start":{"line":47,"column":2},"end":{"line":47,"column":44}}]},"5":{"loc":{"start":{"line":48,"column":2},"end":{"line":49,"column":59}},"type":"if","locations":[{"start":{"line":48,"column":2},"end":{"line":49,"column":59}}]},"6":{"loc":{"start":{"line":50,"column":2},"end":{"line":51,"column":59}},"type":"if","locations":[{"start":{"line":50,"column":2},"end":{"line":51,"column":59}}]},"7":{"loc":{"start":{"line":52,"column":2},"end":{"line":53,"column":59}},"type":"if","locations":[{"start":{"line":52,"column":2},"end":{"line":53,"column":59}}]},"8":{"loc":{"start":{"line":54,"column":2},"end":{"line":55,"column":61}},"type":"if","locations":[{"start":{"line":54,"column":2},"end":{"line":55,"column":61}}]},"9":{"loc":{"start":{"line":56,"column":2},"end":{"line":57,"column":63}},"type":"if","locations":[{"start":{"line":56,"column":2},"end":{"line":57,"column":63}}]},"10":{"loc":{"start":{"line":117,"column":9},"end":{"line":117,"column":32}},"type":"binary-expr","locations":[{"start":{"line":117,"column":9},"end":{"line":117,"column":26}},{"start":{"line":117,"column":30},"end":{"line":117,"column":32}}]},"11":{"loc":{"start":{"line":127,"column":39},"end":{"line":127,"column":65}},"type":"default-arg","locations":[{"start":{"line":127,"column":60},"end":{"line":127,"column":65}}]},"12":{"loc":{"start":{"line":128,"column":46},"end":{"line":130,"column":58}},"type":"cond-expr","locations":[{"start":{"line":129,"column":6},"end":{"line":129,"column":59}},{"start":{"line":130,"column":6},"end":{"line":130,"column":58}}]},"13":{"loc":{"start":{"line":181,"column":9},"end":{"line":181,"column":73}},"type":"binary-expr","locations":[{"start":{"line":181,"column":9},"end":{"line":181,"column":41}},{"start":{"line":181,"column":45},"end":{"line":181,"column":73}}]},"14":{"loc":{"start":{"line":193,"column":4},"end":{"line":194,"column":44}},"type":"binary-expr","locations":[{"start":{"line":193,"column":4},"end":{"line":193,"column":38}},{"start":{"line":194,"column":4},"end":{"line":194,"column":44}}]},"15":{"loc":{"start":{"line":209,"column":2},"end":{"line":214,"column":3}},"type":"if","locations":[{"start":{"line":209,"column":2},"end":{"line":214,"column":3}}]},"16":{"loc":{"start":{"line":210,"column":4},"end":{"line":211,"column":62}},"type":"binary-expr","locations":[{"start":{"line":210,"column":4},"end":{"line":210,"column":17}},{"start":{"line":211,"column":5},"end":{"line":211,"column":20}},{"start":{"line":211,"column":24},"end":{"line":211,"column":61}}]}},"s":{"0":0,"1":0,"2":0,"3":0,"4":0,"5":0,"6":0,"7":0,"8":0,"9":0,"10":0,"11":0,"12":0,"13":0,"14":0,"15":0,"16":0,"17":0,"18":0,"19":0,"20":0,"21":0,"22":0,"23":0,"24":0,"25":0,"26":0,"27":0,"28":0,"29":0,"30":0,"31":0,"32":0,"33":0,"34":0,"35":0,"36":0,"37":0,"38":0,"39":0,"40":0,"41":0,"42":0,"43":0,"44":0,"45":0,"46":0,"47":0,"48":0,"49":0,"50":0,"51":0,"52":0,"53":0,"54":0,"55":0,"56":0,"57":0,"58":0,"59":0,"60":0,"61":0,"62":0},"f":{"0":0,"1":0,"2":0,"3":0,"4":0,"5":0,"6":0,"7":0,"8":0,"9":0,"10":0,"11":0,"12":0},"b":{"0":[0],"1":[0,0],"2":[0],"3":[0,0],"4":[0],"5":[0],"6":[0],"7":[0],"8":[0],"9":[0],"10":[0,0],"11":[0],"12":[0,0],"13":[0,0],"14":[0,0],"15":[0],"16":[0,0,0]}}
}
