TN:
SF:src/api-definitions.ts
FN:40,(anonymous_0)
FN:45,(anonymous_1)
FN:46,(anonymous_2)
FN:71,(anonymous_3)
FN:92,(anonymous_4)
FN:93,(anonymous_5)
FN:137,(anonymous_6)
FN:138,(anonymous_7)
FN:161,(anonymous_8)
FN:162,(anonymous_9)
FN:207,(anonymous_10)
FN:208,(anonymous_11)
FN:223,(anonymous_12)
FN:224,(anonymous_13)
FN:235,(anonymous_14)
FN:236,(anonymous_15)
FN:247,(anonymous_16)
FN:248,(anonymous_17)
FN:279,(anonymous_18)
FN:284,(anonymous_19)
FN:300,(anonymous_20)
FN:311,(anonymous_21)
FN:322,(anonymous_22)
FN:329,(anonymous_23)
FN:339,(anonymous_24)
FN:346,(anonymous_25)
FN:355,(anonymous_26)
FN:360,(anonymous_27)
FN:370,(anonymous_28)
FN:381,(anonymous_29)
FN:394,(anonymous_30)
FN:401,(anonymous_31)
FN:410,(anonymous_32)
FN:415,(anonymous_33)
FN:423,(anonymous_34)
FN:434,(anonymous_35)
FN:448,(anonymous_36)
FN:451,(anonymous_37)
FN:459,(anonymous_38)
FN:473,(anonymous_39)
FN:478,(anonymous_40)
FN:488,(anonymous_41)
FN:499,(anonymous_42)
FN:513,(anonymous_43)
FN:520,(anonymous_44)
FN:530,(anonymous_45)
FN:540,(anonymous_46)
FN:549,(anonymous_47)
FN:554,(anonymous_48)
FN:564,(anonymous_49)
FN:574,(anonymous_50)
FN:585,(anonymous_51)
FN:608,(anonymous_52)
FN:621,createLegacyGuardAPI
FNF:54
FNH:18
FNDA:31,(anonymous_0)
FNDA:6,(anonymous_1)
FNDA:6,(anonymous_2)
FNDA:5,(anonymous_3)
FNDA:9,(anonymous_4)
FNDA:9,(anonymous_5)
FNDA:4,(anonymous_6)
FNDA:4,(anonymous_7)
FNDA:4,(anonymous_8)
FNDA:4,(anonymous_9)
FNDA:3,(anonymous_10)
FNDA:3,(anonymous_11)
FNDA:2,(anonymous_12)
FNDA:2,(anonymous_13)
FNDA:2,(anonymous_14)
FNDA:2,(anonymous_15)
FNDA:3,(anonymous_16)
FNDA:3,(anonymous_17)
FNDA:0,(anonymous_18)
FNDA:0,(anonymous_19)
FNDA:0,(anonymous_20)
FNDA:0,(anonymous_21)
FNDA:0,(anonymous_22)
FNDA:0,(anonymous_23)
FNDA:0,(anonymous_24)
FNDA:0,(anonymous_25)
FNDA:0,(anonymous_26)
FNDA:0,(anonymous_27)
FNDA:0,(anonymous_28)
FNDA:0,(anonymous_29)
FNDA:0,(anonymous_30)
FNDA:0,(anonymous_31)
FNDA:0,(anonymous_32)
FNDA:0,(anonymous_33)
FNDA:0,(anonymous_34)
FNDA:0,(anonymous_35)
FNDA:0,(anonymous_36)
FNDA:0,(anonymous_37)
FNDA:0,(anonymous_38)
FNDA:0,(anonymous_39)
FNDA:0,(anonymous_40)
FNDA:0,(anonymous_41)
FNDA:0,(anonymous_42)
FNDA:0,(anonymous_43)
FNDA:0,(anonymous_44)
FNDA:0,(anonymous_45)
FNDA:0,(anonymous_46)
FNDA:0,(anonymous_47)
FNDA:0,(anonymous_48)
FNDA:0,(anonymous_49)
FNDA:0,(anonymous_50)
FNDA:0,(anonymous_51)
FNDA:0,(anonymous_52)
FNDA:0,createLegacyGuardAPI
DA:10,1
DA:39,1
DA:40,31
DA:46,6
DA:48,6
DA:49,1
DA:52,5
DA:53,5
DA:56,4
DA:63,4
DA:64,1
DA:70,3
DA:71,5
DA:77,3
DA:78,3
DA:79,1
DA:85,2
DA:93,9
DA:95,9
DA:99,1
DA:101,8
DA:105,1
DA:111,7
DA:112,7
DA:113,7
DA:114,7
DA:115,2
DA:116,7
DA:118,7
DA:119,7
DA:123,7
DA:124,1
DA:130,6
DA:138,4
DA:139,4
DA:140,3
DA:142,3
DA:143,3
DA:146,0
DA:150,0
DA:151,0
DA:154,0
DA:162,4
DA:163,4
DA:164,4
DA:166,4
DA:167,4
DA:170,0
DA:171,0
DA:175,0
DA:179,0
DA:181,0
DA:185,0
DA:188,0
DA:193,0
DA:194,0
DA:200,0
DA:208,3
DA:209,3
DA:210,3
DA:212,3
DA:213,3
DA:216,0
DA:224,2
DA:225,2
DA:226,1
DA:228,1
DA:236,2
DA:237,2
DA:238,1
DA:240,1
DA:248,3
DA:249,3
DA:250,3
DA:252,3
DA:253,1
DA:259,2
DA:263,2
DA:264,0
DA:270,2
DA:278,1
DA:279,0
DA:285,0
DA:286,0
DA:287,0
DA:288,0
DA:290,0
DA:291,0
DA:294,0
DA:301,0
DA:305,0
DA:312,0
DA:316,0
DA:323,0
DA:330,0
DA:333,0
DA:340,0
DA:347,0
DA:354,1
DA:355,0
DA:361,0
DA:364,0
DA:371,0
DA:375,0
DA:386,0
DA:387,0
DA:388,0
DA:395,0
DA:402,0
DA:409,1
DA:410,0
DA:416,0
DA:417,0
DA:424,0
DA:428,0
DA:439,0
DA:440,0
DA:441,0
DA:442,0
DA:449,0
DA:450,0
DA:451,0
DA:453,0
DA:464,0
DA:465,0
DA:472,1
DA:473,0
DA:479,0
DA:482,0
DA:489,0
DA:493,0
DA:503,0
DA:507,0
DA:514,0
DA:521,0
DA:524,0
DA:531,0
DA:534,0
DA:541,0
DA:548,1
DA:549,0
DA:555,0
DA:558,0
DA:565,0
DA:568,0
DA:575,0
DA:579,0
DA:589,0
DA:593,0
DA:600,1
DA:609,0
DA:610,0
DA:611,0
DA:612,0
DA:613,0
DA:614,0
DA:621,1
DA:624,0
LF:158
LH:71
BRDA:48,0,0,1
BRDA:63,1,0,1
BRDA:78,2,0,1
BRDA:92,3,0,3
BRDA:95,4,0,1
BRDA:96,5,0,9
BRDA:96,5,1,2
BRDA:96,5,2,2
BRDA:101,6,0,1
BRDA:102,7,0,8
BRDA:102,7,1,2
BRDA:102,7,2,2
BRDA:112,8,0,1
BRDA:113,9,0,0
BRDA:114,10,0,2
BRDA:116,11,0,2
BRDA:118,12,0,4
BRDA:118,12,1,3
BRDA:123,13,0,1
BRDA:123,14,0,7
BRDA:123,14,1,6
BRDA:142,15,0,3
BRDA:150,16,0,0
BRDA:166,17,0,4
BRDA:170,18,0,0
BRDA:170,19,0,0
BRDA:170,19,1,0
BRDA:175,20,0,0
BRDA:176,21,0,0
BRDA:176,21,1,0
BRDA:181,22,0,0
BRDA:182,23,0,0
BRDA:182,23,1,0
BRDA:193,24,0,0
BRDA:212,25,0,3
BRDA:252,26,0,1
BRDA:263,27,0,0
BRDA:263,28,0,2
BRDA:263,28,1,2
BRDA:284,29,0,0
BRDA:286,30,0,0
BRDA:287,31,0,0
BRDA:288,32,0,0
BRDA:290,33,0,0
BRDA:290,33,1,0
BRDA:440,34,0,0
BRDA:440,34,1,0
BRDA:450,35,0,0
BRDA:450,35,1,0
BRF:49
BRH:26
end_of_record
TN:
SF:src/services/legacyGarden.ts
FN:60,(anonymous_0)
FN:65,(anonymous_1)
FN:78,(anonymous_2)
FN:173,(anonymous_3)
FN:196,(anonymous_4)
FN:212,(anonymous_5)
FN:235,(anonymous_6)
FN:253,(anonymous_7)
FN:256,(anonymous_8)
FN:286,(anonymous_9)
FN:290,(anonymous_10)
FN:291,(anonymous_11)
FN:294,(anonymous_12)
FN:295,(anonymous_13)
FN:298,(anonymous_14)
FN:302,(anonymous_15)
FN:306,(anonymous_16)
FN:315,(anonymous_17)
FN:354,(anonymous_18)
FN:360,(anonymous_19)
FNF:20
FNH:0
FNDA:0,(anonymous_0)
FNDA:0,(anonymous_1)
FNDA:0,(anonymous_2)
FNDA:0,(anonymous_3)
FNDA:0,(anonymous_4)
FNDA:0,(anonymous_5)
FNDA:0,(anonymous_6)
FNDA:0,(anonymous_7)
FNDA:0,(anonymous_8)
FNDA:0,(anonymous_9)
FNDA:0,(anonymous_10)
FNDA:0,(anonymous_11)
FNDA:0,(anonymous_12)
FNDA:0,(anonymous_13)
FNDA:0,(anonymous_14)
FNDA:0,(anonymous_15)
FNDA:0,(anonymous_16)
FNDA:0,(anonymous_17)
FNDA:0,(anonymous_18)
FNDA:0,(anonymous_19)
DA:56,0
DA:57,0
DA:61,0
DA:62,0
DA:66,0
DA:79,0
DA:175,0
DA:178,0
DA:184,0
DA:187,0
DA:190,0
DA:191,0
DA:196,0
DA:199,0
DA:203,0
DA:204,0
DA:207,0
DA:209,0
DA:213,0
DA:216,0
DA:219,0
DA:220,0
DA:221,0
DA:224,0
DA:227,0
DA:230,0
DA:232,0
DA:236,0
DA:238,0
DA:239,0
DA:240,0
DA:241,0
DA:242,0
DA:243,0
DA:244,0
DA:245,0
DA:246,0
DA:247,0
DA:249,0
DA:254,0
DA:256,0
DA:257,0
DA:259,0
DA:261,0
DA:263,0
DA:264,0
DA:266,0
DA:267,0
DA:269,0
DA:270,0
DA:272,0
DA:273,0
DA:276,0
DA:277,0
DA:278,0
DA:279,0
DA:283,0
DA:287,0
DA:291,0
DA:295,0
DA:299,0
DA:303,0
DA:307,0
DA:309,0
DA:310,0
DA:311,0
DA:312,0
DA:316,0
DA:351,0
DA:355,0
DA:356,0
DA:360,0
LF:72
LH:0
BRDA:190,0,0,0
BRDA:190,0,1,0
BRDA:219,1,0,0
BRDA:219,1,1,0
BRDA:220,2,0,0
BRDA:220,2,1,0
BRDA:221,3,0,0
BRDA:238,4,0,0
BRDA:238,4,1,0
BRDA:240,5,0,0
BRDA:240,5,1,0
BRDA:242,6,0,0
BRDA:242,6,1,0
BRDA:244,7,0,0
BRDA:244,7,1,0
BRDA:246,8,0,0
BRDA:246,8,1,0
BRDA:257,9,0,0
BRDA:261,10,0,0
BRDA:261,10,1,0
BRDA:261,10,2,0
BRDA:261,10,3,0
BRDA:276,11,0,0
BRDA:295,12,0,0
BRDA:295,12,1,0
BRDA:309,13,0,0
BRDA:310,14,0,0
BRDA:311,15,0,0
BRF:28
BRH:0
end_of_record
TN:
SF:src/services/textAnalyzer.ts
FN:141,(anonymous_0)
FN:198,(anonymous_1)
FN:203,(anonymous_2)
FN:207,(anonymous_3)
FN:209,(anonymous_4)
FN:215,(anonymous_5)
FN:216,(anonymous_6)
FN:217,(anonymous_7)
FN:252,(anonymous_8)
FN:255,(anonymous_9)
FN:256,(anonymous_10)
FN:278,(anonymous_11)
FN:299,(anonymous_12)
FN:343,(anonymous_13)
FNF:14
FNH:0
FNDA:0,(anonymous_0)
FNDA:0,(anonymous_1)
FNDA:0,(anonymous_2)
FNDA:0,(anonymous_3)
FNDA:0,(anonymous_4)
FNDA:0,(anonymous_5)
FNDA:0,(anonymous_6)
FNDA:0,(anonymous_7)
FNDA:0,(anonymous_8)
FNDA:0,(anonymous_9)
FNDA:0,(anonymous_10)
FNDA:0,(anonymous_11)
FNDA:0,(anonymous_12)
FNDA:0,(anonymous_13)
DA:18,0
DA:76,0
DA:133,0
DA:142,0
DA:143,0
DA:152,0
DA:153,0
DA:156,0
DA:157,0
DA:161,0
DA:165,0
DA:171,0
DA:179,0
DA:180,0
DA:181,0
DA:183,0
DA:199,0
DA:200,0
DA:203,0
DA:207,0
DA:209,0
DA:212,0
DA:213,0
DA:215,0
DA:216,0
DA:217,0
DA:221,0
DA:227,0
DA:232,0
DA:253,0
DA:255,0
DA:256,0
DA:258,0
DA:260,0
DA:261,0
DA:267,0
DA:282,0
DA:284,0
DA:285,0
DA:288,0
DA:304,0
DA:305,0
DA:309,0
DA:310,0
DA:314,0
DA:315,0
DA:319,0
DA:323,0
DA:325,0
DA:329,0
DA:332,0
DA:336,0
DA:339,0
DA:343,0
LF:54
LH:0
BRDA:142,0,0,0
BRDA:142,1,0,0
BRDA:142,1,1,0
BRDA:199,2,0,0
BRDA:199,3,0,0
BRDA:199,3,1,0
BRDA:258,4,0,0
BRDA:258,5,0,0
BRDA:258,5,1,0
BRDA:260,6,0,0
BRDA:284,7,0,0
BRDA:288,8,0,0
BRDA:288,8,1,0
BRDA:304,9,0,0
BRDA:309,10,0,0
BRDA:314,11,0,0
BRDA:325,12,0,0
BRDA:326,13,0,0
BRDA:326,13,1,0
BRDA:332,14,0,0
BRDA:333,15,0,0
BRDA:333,15,1,0
BRF:22
BRH:0
end_of_record
TN:
SF:src/services/textManager.ts
FN:28,(anonymous_0)
FN:34,(anonymous_1)
FN:38,(anonymous_2)
FN:42,(anonymous_3)
FN:93,(anonymous_4)
FN:123,(anonymous_5)
FN:153,(anonymous_6)
FN:178,(anonymous_7)
FN:195,(anonymous_8)
FN:199,(anonymous_9)
FN:204,(anonymous_10)
FNF:11
FNH:0
FNDA:0,(anonymous_0)
FNDA:0,(anonymous_1)
FNDA:0,(anonymous_2)
FNDA:0,(anonymous_3)
FNDA:0,(anonymous_4)
FNDA:0,(anonymous_5)
FNDA:0,(anonymous_6)
FNDA:0,(anonymous_7)
FNDA:0,(anonymous_8)
FNDA:0,(anonymous_9)
FNDA:0,(anonymous_10)
DA:24,0
DA:25,0
DA:26,0
DA:29,0
DA:30,0
DA:35,0
DA:39,0
DA:43,0
DA:45,0
DA:46,0
DA:47,0
DA:49,0
DA:55,0
DA:57,0
DA:58,0
DA:59,0
DA:60,0
DA:62,0
DA:63,0
DA:64,0
DA:66,0
DA:69,0
DA:70,0
DA:71,0
DA:72,0
DA:76,0
DA:77,0
DA:78,0
DA:79,0
DA:82,0
DA:89,0
DA:90,0
DA:97,0
DA:98,0
DA:100,0
DA:102,0
DA:103,0
DA:106,0
DA:107,0
DA:108,0
DA:112,0
DA:113,0
DA:116,0
DA:124,0
DA:142,0
DA:144,0
DA:146,0
DA:154,0
DA:156,0
DA:158,0
DA:160,0
DA:162,0
DA:163,0
DA:166,0
DA:168,0
DA:171,0
DA:179,0
DA:181,0
DA:182,0
DA:183,0
DA:184,0
DA:185,0
DA:186,0
DA:188,0
DA:189,0
DA:192,0
DA:196,0
DA:200,0
DA:204,0
LF:69
LH:0
BRDA:29,0,0,0
BRDA:43,1,0,0
BRDA:49,2,0,0
BRDA:49,2,1,0
BRDA:55,3,0,0
BRDA:55,3,1,0
BRDA:55,3,2,0
BRDA:55,3,3,0
BRDA:57,4,0,0
BRDA:57,4,1,0
BRDA:57,5,0,0
BRDA:57,5,1,0
BRDA:58,6,0,0
BRDA:58,6,1,0
BRDA:62,7,0,0
BRDA:62,7,1,0
BRDA:69,8,0,0
BRDA:69,8,1,0
BRDA:76,9,0,0
BRDA:76,9,1,0
BRDA:100,10,0,0
BRDA:100,10,1,0
BRDA:100,10,2,0
BRDA:100,10,3,0
BRDA:102,11,0,0
BRDA:102,11,1,0
BRDA:106,12,0,0
BRDA:106,12,1,0
BRDA:144,13,0,0
BRDA:144,13,1,0
BRDA:156,14,0,0
BRDA:156,14,1,0
BRDA:156,14,2,0
BRDA:156,14,3,0
BRDA:181,15,0,0
BRDA:181,15,1,0
BRDA:181,16,0,0
BRDA:181,16,1,0
BRDA:184,17,0,0
BRDA:184,17,1,0
BRF:40
BRH:0
end_of_record
TN:
SF:src/utils/api-error-handler.ts
FN:8,(anonymous_0)
FN:21,(anonymous_1)
FN:32,(anonymous_2)
FN:39,(anonymous_3)
FN:46,(anonymous_4)
FN:53,(anonymous_5)
FN:61,handleApiResponse
FN:84,withErrorHandling
FN:133,validateRequired
FN:137,(anonymous_9)
FN:154,validateTypes
FN:161,(anonymous_11)
FN:180,(anonymous_12)
FN:181,(anonymous_13)
FN:183,(anonymous_14)
FN:184,(anonymous_15)
FN:185,(anonymous_16)
FN:187,(anonymous_17)
FN:192,(anonymous_18)
FN:198,(anonymous_19)
FN:207,(anonymous_20)
FN:217,transformResponse
FN:237,withRetry
FN:276,(anonymous_23)
FNF:24
FNH:13
FNDA:23,(anonymous_0)
FNDA:0,(anonymous_1)
FNDA:2,(anonymous_2)
FNDA:0,(anonymous_3)
FNDA:0,(anonymous_4)
FNDA:2,(anonymous_5)
FNDA:0,handleApiResponse
FNDA:33,withErrorHandling
FNDA:23,validateRequired
FNDA:33,(anonymous_9)
FNDA:19,validateTypes
FNDA:27,(anonymous_11)
FNDA:27,(anonymous_12)
FNDA:4,(anonymous_13)
FNDA:0,(anonymous_14)
FNDA:0,(anonymous_15)
FNDA:0,(anonymous_16)
FNDA:0,(anonymous_17)
FNDA:10,(anonymous_18)
FNDA:0,(anonymous_19)
FNDA:0,(anonymous_20)
FNDA:0,transformResponse
FNDA:3,withRetry
FNDA:2,(anonymous_23)
DA:7,1
DA:9,23
DA:11,23
DA:12,23
DA:14,23
DA:15,23
DA:22,0
DA:33,2
DA:40,0
DA:47,0
DA:54,2
DA:61,1
DA:67,0
DA:68,0
DA:69,0
DA:78,0
DA:84,1
DA:88,33
DA:89,33
DA:91,21
DA:94,21
DA:95,21
DA:99,0
DA:100,0
DA:109,0
DA:110,0
DA:120,0
DA:121,0
DA:133,1
DA:137,23
DA:138,33
DA:139,33
DA:142,23
DA:143,4
DA:154,1
DA:158,19
DA:159,19
DA:161,19
DA:162,27
DA:163,0
DA:167,19
DA:168,0
DA:179,1
DA:180,27
DA:182,4
DA:183,0
DA:184,0
DA:186,0
DA:188,0
DA:189,0
DA:190,0
DA:193,10
DA:195,10
DA:196,10
DA:199,0
DA:200,0
DA:201,0
DA:202,0
DA:204,0
DA:208,0
DA:209,0
DA:210,0
DA:217,1
DA:222,0
DA:223,0
DA:225,0
DA:237,1
DA:245,3
DA:246,5
DA:247,5
DA:250,2
DA:259,2
DA:262,2
DA:263,0
DA:267,2
DA:268,0
DA:272,2
DA:273,2
DA:276,2
DA:281,0
LF:80
LH:45
BRDA:33,0,0,2
BRDA:33,0,1,2
BRDA:40,1,0,0
BRDA:40,1,1,0
BRDA:47,2,0,0
BRDA:47,2,1,0
BRDA:54,3,0,2
BRDA:54,3,1,0
BRDA:54,3,2,0
BRDA:67,4,0,0
BRDA:67,5,0,0
BRDA:67,5,1,0
BRDA:67,5,2,0
BRDA:70,6,0,0
BRDA:70,6,1,0
BRDA:71,7,0,0
BRDA:71,7,1,0
BRDA:94,8,0,21
BRDA:99,9,0,0
BRDA:99,10,0,0
BRDA:99,10,1,0
BRDA:109,11,0,0
BRDA:109,12,0,0
BRDA:109,12,1,0
BRDA:120,13,0,0
BRDA:120,13,1,0
BRDA:125,14,0,0
BRDA:125,14,1,0
BRDA:139,15,0,33
BRDA:139,15,1,32
BRDA:139,15,2,32
BRDA:142,16,0,4
BRDA:162,17,0,0
BRDA:162,18,0,27
BRDA:162,18,1,27
BRDA:167,19,0,0
BRDA:182,20,0,4
BRDA:182,20,1,4
BRDA:186,21,0,0
BRDA:186,21,1,0
BRDA:186,21,2,0
BRDA:188,22,0,0
BRDA:193,23,0,0
BRDA:199,24,0,0
BRDA:208,25,0,0
BRDA:229,26,0,0
BRDA:229,26,1,0
BRDA:239,27,0,0
BRDA:240,28,0,0
BRDA:241,29,0,0
BRDA:250,30,0,0
BRDA:250,30,1,2
BRDA:256,31,0,2
BRDA:256,31,1,0
BRDA:262,32,0,0
BRDA:267,33,0,0
BRDA:282,34,0,0
BRDA:282,34,1,0
BRF:58
BRH:14
end_of_record
TN:
SF:src/utils/api-versioning.ts
FN:62,parseVersion
FN:83,formatVersion
FN:95,compareVersions
FN:117,isVersionCompatible
FN:150,(anonymous_4)
FN:161,(anonymous_5)
FN:177,(anonymous_6)
FN:200,(anonymous_7)
FN:241,(anonymous_8)
FN:258,(anonymous_9)
FN:268,(anonymous_10)
FN:276,(anonymous_11)
FN:277,(anonymous_12)
FN:296,(anonymous_13)
FN:306,(anonymous_14)
FN:309,(anonymous_15)
FN:333,(anonymous_16)
FN:345,(anonymous_17)
FN:365,(anonymous_18)
FN:380,(anonymous_19)
FN:400,(anonymous_20)
FN:422,(anonymous_21)
FN:445,(anonymous_22)
FN:466,(anonymous_23)
FN:483,(anonymous_24)
FN:502,createVersionedClient
FN:524,(anonymous_26)
FN:549,(anonymous_27)
FN:563,(anonymous_28)
FN:577,(anonymous_29)
FNF:30
FNH:0
FNDA:0,parseVersion
FNDA:0,formatVersion
FNDA:0,compareVersions
FNDA:0,isVersionCompatible
FNDA:0,(anonymous_4)
FNDA:0,(anonymous_5)
FNDA:0,(anonymous_6)
FNDA:0,(anonymous_7)
FNDA:0,(anonymous_8)
FNDA:0,(anonymous_9)
FNDA:0,(anonymous_10)
FNDA:0,(anonymous_11)
FNDA:0,(anonymous_12)
FNDA:0,(anonymous_13)
FNDA:0,(anonymous_14)
FNDA:0,(anonymous_15)
FNDA:0,(anonymous_16)
FNDA:0,(anonymous_17)
FNDA:0,(anonymous_18)
FNDA:0,(anonymous_19)
FNDA:0,(anonymous_20)
FNDA:0,(anonymous_21)
FNDA:0,(anonymous_22)
FNDA:0,(anonymous_23)
FNDA:0,(anonymous_24)
FNDA:0,createVersionedClient
FNDA:0,(anonymous_26)
FNDA:0,(anonymous_27)
FNDA:0,(anonymous_28)
FNDA:0,(anonymous_29)
DA:43,0
DA:62,0
DA:63,0
DA:64,0
DA:65,0
DA:68,0
DA:69,0
DA:83,0
DA:84,0
DA:95,0
DA:96,0
DA:97,0
DA:99,0
DA:100,0
DA:102,0
DA:103,0
DA:105,0
DA:117,0
DA:122,0
DA:123,0
DA:124,0
DA:127,0
DA:128,0
DA:129,0
DA:130,0
DA:134,0
DA:141,0
DA:151,0
DA:152,0
DA:162,0
DA:178,0
DA:179,0
DA:180,0
DA:183,0
DA:184,0
DA:185,0
DA:187,0
DA:188,0
DA:205,0
DA:207,0
DA:208,0
DA:213,0
DA:220,0
DA:222,0
DA:233,0
DA:248,0
DA:259,0
DA:260,0
DA:263,0
DA:264,0
DA:267,0
DA:268,0
DA:270,0
DA:271,0
DA:275,0
DA:276,0
DA:277,0
DA:279,0
DA:280,0
DA:284,0
DA:286,0
DA:287,0
DA:297,0
DA:307,0
DA:308,0
DA:309,0
DA:311,0
DA:320,0
DA:334,0
DA:351,0
DA:366,0
DA:367,0
DA:368,0
DA:371,0
DA:381,0
DA:382,0
DA:383,0
DA:386,0
DA:387,0
DA:388,0
DA:390,0
DA:392,0
DA:401,0
DA:402,0
DA:403,0
DA:412,0
DA:428,0
DA:429,0
DA:433,0
DA:451,0
DA:453,0
DA:456,0
DA:468,0
DA:471,0
DA:472,0
DA:473,0
DA:477,0
DA:478,0
DA:482,0
DA:483,0
DA:484,0
DA:485,0
DA:490,0
DA:502,0
DA:506,0
DA:507,0
DA:510,0
DA:518,0
DA:526,0
DA:529,0
DA:534,0
DA:537,0
DA:538,0
DA:539,0
DA:540,0
DA:543,0
DA:550,0
DA:552,0
DA:557,0
DA:564,0
DA:566,0
DA:571,0
DA:578,0
DA:580,0
DA:585,0
DA:589,0
LF:126
LH:0
BRDA:64,0,0,0
BRDA:70,1,0,0
BRDA:70,1,1,0
BRDA:71,2,0,0
BRDA:71,2,1,0
BRDA:72,3,0,0
BRDA:72,3,1,0
BRDA:96,4,0,0
BRDA:97,5,0,0
BRDA:97,5,1,0
BRDA:99,6,0,0
BRDA:100,7,0,0
BRDA:100,7,1,0
BRDA:102,8,0,0
BRDA:103,9,0,0
BRDA:103,9,1,0
BRDA:119,10,0,0
BRDA:123,11,0,0
BRDA:127,12,0,0
BRDA:129,13,0,0
BRDA:150,14,0,0
BRDA:178,15,0,0
BRDA:207,16,0,0
BRDA:207,16,1,0
BRDA:220,17,0,0
BRDA:242,18,0,0
BRDA:259,19,0,0
BRDA:270,20,0,0
BRDA:279,21,0,0
BRDA:354,22,0,0
BRDA:354,22,1,0
BRDA:367,23,0,0
BRDA:382,24,0,0
BRDA:387,25,0,0
BRDA:402,26,0,0
BRDA:428,27,0,0
BRDA:451,28,0,0
BRDA:451,29,0,0
BRDA:451,29,1,0
BRDA:471,30,0,0
BRDA:471,31,0,0
BRDA:471,31,1,0
BRDA:477,32,0,0
BRDA:482,33,0,0
BRDA:482,34,0,0
BRDA:482,34,1,0
BRDA:484,35,0,0
BRDA:484,36,0,0
BRDA:484,36,1,0
BRDA:504,37,0,0
BRDA:539,38,0,0
BRDA:539,39,0,0
BRDA:539,39,1,0
BRF:53
BRH:0
end_of_record
TN:
SF:src/utils/date.ts
FN:19,formatDate
FN:43,getRelativeTime
FN:68,getDaysBetween
FN:80,addDays
FN:92,isExpired
FN:102,getMonthName
FN:127,formatTime
FN:141,getStartOfDay
FN:153,getEndOfDay
FN:165,isToday
FN:176,isThisWeek
FN:190,isThisMonth
FN:204,getAge
FNF:13
FNH:0
FNDA:0,formatDate
FNDA:0,getRelativeTime
FNDA:0,getDaysBetween
FNDA:0,addDays
FNDA:0,isExpired
FNDA:0,getMonthName
FNDA:0,formatTime
FNDA:0,getStartOfDay
FNDA:0,getEndOfDay
FNDA:0,isToday
FNDA:0,isThisWeek
FNDA:0,isThisMonth
FNDA:0,getAge
DA:19,0
DA:23,0
DA:25,0
DA:26,0
DA:30,0
DA:34,0
DA:43,0
DA:44,0
DA:45,0
DA:47,0
DA:48,0
DA:49,0
DA:50,0
DA:51,0
DA:52,0
DA:53,0
DA:54,0
DA:55,0
DA:56,0
DA:57,0
DA:58,0
DA:68,0
DA:69,0
DA:70,0
DA:80,0
DA:81,0
DA:82,0
DA:83,0
DA:92,0
DA:93,0
DA:102,0
DA:103,0
DA:117,0
DA:127,0
DA:128,0
DA:132,0
DA:141,0
DA:142,0
DA:143,0
DA:144,0
DA:153,0
DA:154,0
DA:155,0
DA:156,0
DA:165,0
DA:166,0
DA:167,0
DA:176,0
DA:177,0
DA:178,0
DA:179,0
DA:181,0
DA:190,0
DA:191,0
DA:192,0
DA:204,0
DA:205,0
DA:206,0
DA:207,0
DA:209,0
DA:213,0
DA:216,0
LF:62
LH:0
BRDA:21,0,0,0
BRDA:23,1,0,0
BRDA:23,1,1,0
BRDA:25,2,0,0
BRDA:30,3,0,0
BRDA:30,3,1,0
BRDA:47,4,0,0
BRDA:48,5,0,0
BRDA:50,6,0,0
BRDA:52,7,0,0
BRDA:54,8,0,0
BRDA:56,9,0,0
BRDA:117,10,0,0
BRDA:117,10,1,0
BRDA:127,11,0,0
BRDA:128,12,0,0
BRDA:128,12,1,0
BRDA:181,13,0,0
BRDA:181,13,1,0
BRDA:193,14,0,0
BRDA:193,14,1,0
BRDA:209,15,0,0
BRDA:210,16,0,0
BRDA:210,16,1,0
BRDA:210,16,2,0
BRF:25
BRH:0
end_of_record
